<?xml version="1.0" encoding="UTF-8"?>
<testsuite xmlns:xsi="http://www.w3.org/2001/XMLSchema-instance" xsi:noNamespaceSchemaLocation="https://maven.apache.org/surefire/maven-surefire-plugin/xsd/surefire-test-report.xsd" name="com.paytm.mileston2.service.WalletServiceTest" time="0.085" tests="5" errors="2" skipped="0" failures="0">
  <properties>
    <property name="http.proxyHost" value="proxy.paytmbankproxy.net"/>
    <property name="java.specification.version" value="17"/>
    <property name="sun.jnu.encoding" value="UTF-8"/>
    <property name="java.class.path" value="/Users/ambesh.kumar/myWorkDirectory/walletManagement/UserManagement/target/test-classes:/Users/ambesh.kumar/myWorkDirectory/walletManagement/UserManagement/target/classes:/Users/ambesh.kumar/.m2/repository/org/springframework/boot/spring-boot-starter-validation/2.6.2/spring-boot-starter-validation-2.6.2.jar:/Users/ambesh.kumar/.m2/repository/org/springframework/boot/spring-boot-starter/2.6.2/spring-boot-starter-2.6.2.jar:/Users/ambesh.kumar/.m2/repository/org/springframework/boot/spring-boot/2.6.2/spring-boot-2.6.2.jar:/Users/ambesh.kumar/.m2/repository/org/springframework/boot/spring-boot-autoconfigure/2.6.2/spring-boot-autoconfigure-2.6.2.jar:/Users/ambesh.kumar/.m2/repository/org/springframework/boot/spring-boot-starter-logging/2.6.2/spring-boot-starter-logging-2.6.2.jar:/Users/ambesh.kumar/.m2/repository/ch/qos/logback/logback-classic/1.2.9/logback-classic-1.2.9.jar:/Users/ambesh.kumar/.m2/repository/ch/qos/logback/logback-core/1.2.9/logback-core-1.2.9.jar:/Users/ambesh.kumar/.m2/repository/org/apache/logging/log4j/log4j-to-slf4j/2.17.0/log4j-to-slf4j-2.17.0.jar:/Users/ambesh.kumar/.m2/repository/org/apache/logging/log4j/log4j-api/2.17.0/log4j-api-2.17.0.jar:/Users/ambesh.kumar/.m2/repository/org/slf4j/jul-to-slf4j/1.7.32/jul-to-slf4j-1.7.32.jar:/Users/ambesh.kumar/.m2/repository/jakarta/annotation/jakarta.annotation-api/1.3.5/jakarta.annotation-api-1.3.5.jar:/Users/ambesh.kumar/.m2/repository/org/yaml/snakeyaml/1.29/snakeyaml-1.29.jar:/Users/ambesh.kumar/.m2/repository/org/apache/tomcat/embed/tomcat-embed-el/9.0.56/tomcat-embed-el-9.0.56.jar:/Users/ambesh.kumar/.m2/repository/org/hibernate/validator/hibernate-validator/6.2.0.Final/hibernate-validator-6.2.0.Final.jar:/Users/ambesh.kumar/.m2/repository/jakarta/validation/jakarta.validation-api/2.0.2/jakarta.validation-api-2.0.2.jar:/Users/ambesh.kumar/.m2/repository/org/jboss/logging/jboss-logging/3.4.2.Final/jboss-logging-3.4.2.Final.jar:/Users/ambesh.kumar/.m2/repository/com/fasterxml/classmate/1.5.1/classmate-1.5.1.jar:/Users/ambesh.kumar/.m2/repository/org/springframework/boot/spring-boot-starter-data-jpa/2.6.2/spring-boot-starter-data-jpa-2.6.2.jar:/Users/ambesh.kumar/.m2/repository/org/springframework/boot/spring-boot-starter-aop/2.6.2/spring-boot-starter-aop-2.6.2.jar:/Users/ambesh.kumar/.m2/repository/org/aspectj/aspectjweaver/1.9.7/aspectjweaver-1.9.7.jar:/Users/ambesh.kumar/.m2/repository/org/springframework/boot/spring-boot-starter-jdbc/2.6.2/spring-boot-starter-jdbc-2.6.2.jar:/Users/ambesh.kumar/.m2/repository/com/zaxxer/HikariCP/4.0.3/HikariCP-4.0.3.jar:/Users/ambesh.kumar/.m2/repository/org/springframework/spring-jdbc/5.3.14/spring-jdbc-5.3.14.jar:/Users/ambesh.kumar/.m2/repository/jakarta/transaction/jakarta.transaction-api/1.3.3/jakarta.transaction-api-1.3.3.jar:/Users/ambesh.kumar/.m2/repository/jakarta/persistence/jakarta.persistence-api/2.2.3/jakarta.persistence-api-2.2.3.jar:/Users/ambesh.kumar/.m2/repository/org/hibernate/hibernate-core/5.6.3.Final/hibernate-core-5.6.3.Final.jar:/Users/ambesh.kumar/.m2/repository/net/bytebuddy/byte-buddy/1.11.22/byte-buddy-1.11.22.jar:/Users/ambesh.kumar/.m2/repository/antlr/antlr/2.7.7/antlr-2.7.7.jar:/Users/ambesh.kumar/.m2/repository/org/jboss/jandex/2.2.3.Final/jandex-2.2.3.Final.jar:/Users/ambesh.kumar/.m2/repository/org/hibernate/common/hibernate-commons-annotations/5.1.2.Final/hibernate-commons-annotations-5.1.2.Final.jar:/Users/ambesh.kumar/.m2/repository/org/glassfish/jaxb/jaxb-runtime/2.3.5/jaxb-runtime-2.3.5.jar:/Users/ambesh.kumar/.m2/repository/org/glassfish/jaxb/txw2/2.3.5/txw2-2.3.5.jar:/Users/ambesh.kumar/.m2/repository/com/sun/istack/istack-commons-runtime/3.0.12/istack-commons-runtime-3.0.12.jar:/Users/ambesh.kumar/.m2/repository/com/sun/activation/jakarta.activation/1.2.2/jakarta.activation-1.2.2.jar:/Users/ambesh.kumar/.m2/repository/org/springframework/data/spring-data-jpa/2.6.0/spring-data-jpa-2.6.0.jar:/Users/ambesh.kumar/.m2/repository/org/springframework/data/spring-data-commons/2.6.0/spring-data-commons-2.6.0.jar:/Users/ambesh.kumar/.m2/repository/org/springframework/spring-orm/5.3.14/spring-orm-5.3.14.jar:/Users/ambesh.kumar/.m2/repository/org/slf4j/slf4j-api/1.7.32/slf4j-api-1.7.32.jar:/Users/ambesh.kumar/.m2/repository/org/springframework/spring-aspects/5.3.14/spring-aspects-5.3.14.jar:/Users/ambesh.kumar/.m2/repository/org/springframework/boot/spring-boot-starter-security/2.6.2/spring-boot-starter-security-2.6.2.jar:/Users/ambesh.kumar/.m2/repository/org/springframework/spring-aop/5.3.14/spring-aop-5.3.14.jar:/Users/ambesh.kumar/.m2/repository/org/springframework/security/spring-security-web/5.6.1/spring-security-web-5.6.1.jar:/Users/ambesh.kumar/.m2/repository/org/springframework/spring-expression/5.3.14/spring-expression-5.3.14.jar:/Users/ambesh.kumar/.m2/repository/org/springframework/security/spring-security-config/5.6.1/spring-security-config-5.6.1.jar:/Users/ambesh.kumar/.m2/repository/org/springframework/security/spring-security-core/5.6.1/spring-security-core-5.6.1.jar:/Users/ambesh.kumar/.m2/repository/org/springframework/security/spring-security-crypto/5.6.1/spring-security-crypto-5.6.1.jar:/Users/ambesh.kumar/.m2/repository/org/springframework/spring-beans/5.3.14/spring-beans-5.3.14.jar:/Users/ambesh.kumar/.m2/repository/org/springframework/spring-context/5.3.14/spring-context-5.3.14.jar:/Users/ambesh.kumar/.m2/repository/org/springframework/spring-core/5.3.14/spring-core-5.3.14.jar:/Users/ambesh.kumar/.m2/repository/org/springframework/spring-jcl/5.3.14/spring-jcl-5.3.14.jar:/Users/ambesh.kumar/.m2/repository/org/springframework/boot/spring-boot-starter-web/2.6.2/spring-boot-starter-web-2.6.2.jar:/Users/ambesh.kumar/.m2/repository/org/springframework/boot/spring-boot-starter-json/2.6.2/spring-boot-starter-json-2.6.2.jar:/Users/ambesh.kumar/.m2/repository/com/fasterxml/jackson/datatype/jackson-datatype-jdk8/2.13.1/jackson-datatype-jdk8-2.13.1.jar:/Users/ambesh.kumar/.m2/repository/com/fasterxml/jackson/datatype/jackson-datatype-jsr310/2.13.1/jackson-datatype-jsr310-2.13.1.jar:/Users/ambesh.kumar/.m2/repository/com/fasterxml/jackson/module/jackson-module-parameter-names/2.13.1/jackson-module-parameter-names-2.13.1.jar:/Users/ambesh.kumar/.m2/repository/org/springframework/boot/spring-boot-starter-tomcat/2.6.2/spring-boot-starter-tomcat-2.6.2.jar:/Users/ambesh.kumar/.m2/repository/org/apache/tomcat/embed/tomcat-embed-core/9.0.56/tomcat-embed-core-9.0.56.jar:/Users/ambesh.kumar/.m2/repository/org/apache/tomcat/embed/tomcat-embed-websocket/9.0.56/tomcat-embed-websocket-9.0.56.jar:/Users/ambesh.kumar/.m2/repository/org/springframework/spring-web/5.3.14/spring-web-5.3.14.jar:/Users/ambesh.kumar/.m2/repository/org/springframework/spring-webmvc/5.3.14/spring-webmvc-5.3.14.jar:/Users/ambesh.kumar/.m2/repository/org/springframework/kafka/spring-kafka/2.8.1/spring-kafka-2.8.1.jar:/Users/ambesh.kumar/.m2/repository/org/springframework/spring-messaging/5.3.14/spring-messaging-5.3.14.jar:/Users/ambesh.kumar/.m2/repository/org/springframework/spring-tx/5.3.14/spring-tx-5.3.14.jar:/Users/ambesh.kumar/.m2/repository/org/springframework/retry/spring-retry/1.3.1/spring-retry-1.3.1.jar:/Users/ambesh.kumar/.m2/repository/javax/annotation/javax.annotation-api/1.3.2/javax.annotation-api-1.3.2.jar:/Users/ambesh.kumar/.m2/repository/org/apache/kafka/kafka-clients/3.0.0/kafka-clients-3.0.0.jar:/Users/ambesh.kumar/.m2/repository/com/github/luben/zstd-jni/1.5.0-2/zstd-jni-1.5.0-2.jar:/Users/ambesh.kumar/.m2/repository/org/lz4/lz4-java/1.7.1/lz4-java-1.7.1.jar:/Users/ambesh.kumar/.m2/repository/org/xerial/snappy/snappy-java/1.1.8.1/snappy-java-1.1.8.1.jar:/Users/ambesh.kumar/.m2/repository/com/google/code/findbugs/jsr305/3.0.2/jsr305-3.0.2.jar:/Users/ambesh.kumar/.m2/repository/io/jsonwebtoken/jjwt/0.9.0/jjwt-0.9.0.jar:/Users/ambesh.kumar/.m2/repository/com/fasterxml/jackson/core/jackson-databind/2.13.1/jackson-databind-2.13.1.jar:/Users/ambesh.kumar/.m2/repository/com/fasterxml/jackson/core/jackson-annotations/2.13.1/jackson-annotations-2.13.1.jar:/Users/ambesh.kumar/.m2/repository/com/fasterxml/jackson/core/jackson-core/2.13.1/jackson-core-2.13.1.jar:/Users/ambesh.kumar/.m2/repository/javax/xml/bind/jaxb-api/2.3.0/jaxb-api-2.3.0.jar:/Users/ambesh.kumar/.m2/repository/mysql/mysql-connector-java/8.0.27/mysql-connector-java-8.0.27.jar:/Users/ambesh.kumar/.m2/repository/org/projectlombok/lombok/1.18.22/lombok-1.18.22.jar:/Users/ambesh.kumar/.m2/repository/org/springframework/boot/spring-boot-starter-test/2.6.2/spring-boot-starter-test-2.6.2.jar:/Users/ambesh.kumar/.m2/repository/org/springframework/boot/spring-boot-test/2.6.2/spring-boot-test-2.6.2.jar:/Users/ambesh.kumar/.m2/repository/org/springframework/boot/spring-boot-test-autoconfigure/2.6.2/spring-boot-test-autoconfigure-2.6.2.jar:/Users/ambesh.kumar/.m2/repository/com/jayway/jsonpath/json-path/2.6.0/json-path-2.6.0.jar:/Users/ambesh.kumar/.m2/repository/net/minidev/json-smart/2.4.7/json-smart-2.4.7.jar:/Users/ambesh.kumar/.m2/repository/net/minidev/accessors-smart/2.4.7/accessors-smart-2.4.7.jar:/Users/ambesh.kumar/.m2/repository/org/ow2/asm/asm/9.1/asm-9.1.jar:/Users/ambesh.kumar/.m2/repository/jakarta/xml/bind/jakarta.xml.bind-api/2.3.3/jakarta.xml.bind-api-2.3.3.jar:/Users/ambesh.kumar/.m2/repository/jakarta/activation/jakarta.activation-api/1.2.2/jakarta.activation-api-1.2.2.jar:/Users/ambesh.kumar/.m2/repository/org/assertj/assertj-core/3.21.0/assertj-core-3.21.0.jar:/Users/ambesh.kumar/.m2/repository/org/hamcrest/hamcrest/2.2/hamcrest-2.2.jar:/Users/ambesh.kumar/.m2/repository/org/junit/jupiter/junit-jupiter/5.8.2/junit-jupiter-5.8.2.jar:/Users/ambesh.kumar/.m2/repository/org/junit/jupiter/junit-jupiter-api/5.8.2/junit-jupiter-api-5.8.2.jar:/Users/ambesh.kumar/.m2/repository/org/junit/jupiter/junit-jupiter-params/5.8.2/junit-jupiter-params-5.8.2.jar:/Users/ambesh.kumar/.m2/repository/org/junit/jupiter/junit-jupiter-engine/5.8.2/junit-jupiter-engine-5.8.2.jar:/Users/ambesh.kumar/.m2/repository/org/mockito/mockito-core/4.0.0/mockito-core-4.0.0.jar:/Users/ambesh.kumar/.m2/repository/net/bytebuddy/byte-buddy-agent/1.11.22/byte-buddy-agent-1.11.22.jar:/Users/ambesh.kumar/.m2/repository/org/objenesis/objenesis/3.2/objenesis-3.2.jar:/Users/ambesh.kumar/.m2/repository/org/mockito/mockito-junit-jupiter/4.0.0/mockito-junit-jupiter-4.0.0.jar:/Users/ambesh.kumar/.m2/repository/org/skyscreamer/jsonassert/1.5.0/jsonassert-1.5.0.jar:/Users/ambesh.kumar/.m2/repository/com/vaadin/external/google/android-json/0.0.20131108.vaadin1/android-json-0.0.20131108.vaadin1.jar:/Users/ambesh.kumar/.m2/repository/org/springframework/spring-test/5.3.14/spring-test-5.3.14.jar:/Users/ambesh.kumar/.m2/repository/org/xmlunit/xmlunit-core/2.8.4/xmlunit-core-2.8.4.jar:/Users/ambesh.kumar/.m2/repository/org/springframework/security/spring-security-test/5.6.1/spring-security-test-5.6.1.jar:/Users/ambesh.kumar/.m2/repository/junit/junit/4.13.2/junit-4.13.2.jar:/Users/ambesh.kumar/.m2/repository/org/hamcrest/hamcrest-core/2.2/hamcrest-core-2.2.jar:/Users/ambesh.kumar/.m2/repository/org/junit/platform/junit-platform-launcher/1.8.2/junit-platform-launcher-1.8.2.jar:/Users/ambesh.kumar/.m2/repository/org/junit/platform/junit-platform-engine/1.8.2/junit-platform-engine-1.8.2.jar:/Users/ambesh.kumar/.m2/repository/org/opentest4j/opentest4j/1.2.0/opentest4j-1.2.0.jar:/Users/ambesh.kumar/.m2/repository/org/junit/platform/junit-platform-commons/1.8.2/junit-platform-commons-1.8.2.jar:/Users/ambesh.kumar/.m2/repository/org/apiguardian/apiguardian-api/1.1.2/apiguardian-api-1.1.2.jar:/Users/ambesh.kumar/.m2/repository/org/jetbrains/annotations/23.0.0/annotations-23.0.0.jar:/Users/ambesh.kumar/.m2/repository/log4j/log4j/1.2.17/log4j-1.2.17.jar:/Users/ambesh.kumar/.m2/repository/org/springdoc/springdoc-openapi-ui/1.2.32/springdoc-openapi-ui-1.2.32.jar:/Users/ambesh.kumar/.m2/repository/org/springdoc/springdoc-openapi-webmvc-core/1.2.32/springdoc-openapi-webmvc-core-1.2.32.jar:/Users/ambesh.kumar/.m2/repository/org/springdoc/springdoc-openapi-common/1.2.32/springdoc-openapi-common-1.2.32.jar:/Users/ambesh.kumar/.m2/repository/io/swagger/core/v3/swagger-models/2.1.1/swagger-models-2.1.1.jar:/Users/ambesh.kumar/.m2/repository/io/swagger/core/v3/swagger-annotations/2.1.1/swagger-annotations-2.1.1.jar:/Users/ambesh.kumar/.m2/repository/io/swagger/core/v3/swagger-integration/2.1.1/swagger-integration-2.1.1.jar:/Users/ambesh.kumar/.m2/repository/io/swagger/core/v3/swagger-core/2.1.1/swagger-core-2.1.1.jar:/Users/ambesh.kumar/.m2/repository/com/fasterxml/jackson/dataformat/jackson-dataformat-yaml/2.13.1/jackson-dataformat-yaml-2.13.1.jar:/Users/ambesh.kumar/.m2/repository/javax/validation/validation-api/2.0.1.Final/validation-api-2.0.1.Final.jar:/Users/ambesh.kumar/.m2/repository/io/github/classgraph/classgraph/4.8.44/classgraph-4.8.44.jar:/Users/ambesh.kumar/.m2/repository/org/webjars/swagger-ui/3.25.0/swagger-ui-3.25.0.jar:/Users/ambesh.kumar/.m2/repository/org/webjars/webjars-locator/0.38/webjars-locator-0.38.jar:/Users/ambesh.kumar/.m2/repository/org/webjars/webjars-locator-core/0.48/webjars-locator-core-0.48.jar:/Users/ambesh.kumar/.m2/repository/org/apache/commons/commons-lang3/3.12.0/commons-lang3-3.12.0.jar:/Users/ambesh.kumar/.m2/repository/com/google/code/gson/gson/2.9.0/gson-2.9.0.jar:/Users/ambesh.kumar/.m2/repository/org/apache/flink/flink-connector-kafka_2.12/1.14.3/flink-connector-kafka_2.12-1.14.3.jar:/Users/ambesh.kumar/.m2/repository/org/apache/flink/flink-connector-base/1.14.3/flink-connector-base-1.14.3.jar:/Users/ambesh.kumar/.m2/repository/org/apache/flink/flink-shaded-force-shading/14.0/flink-shaded-force-shading-14.0.jar:/Users/ambesh.kumar/.m2/repository/org/apache/flink/flink-connector-elasticsearch_2.12/1.8.3/flink-connector-elasticsearch_2.12-1.8.3.jar:/Users/ambesh.kumar/.m2/repository/org/apache/flink/force-shading/1.8.3/force-shading-1.8.3.jar:"/>
    <property name="https.proxyPort" value="8080"/>
    <property name="java.vm.vendor" value="Oracle Corporation"/>
    <property name="sun.arch.data.model" value="64"/>
    <property name="java.vendor.url" value="https://java.oracle.com/"/>
    <property name="os.name" value="Mac OS X"/>
    <property name="java.vm.specification.version" value="17"/>
    <property name="sun.java.launcher" value="SUN_STANDARD"/>
    <property name="user.country" value="IN"/>
    <property name="sun.boot.library.path" value="/Users/ambesh.kumar/Library/Java/JavaVirtualMachines/openjdk-17.0.2/Contents/Home/lib"/>
    <property name="sun.java.command" value="/Users/ambesh.kumar/myWorkDirectory/walletManagement/UserManagement/target/surefire/surefirebooter7663191069998578645.jar /Users/ambesh.kumar/myWorkDirectory/walletManagement/UserManagement/target/surefire 2022-03-08T10-48-43_003-jvmRun1 surefire18160950840205987078tmp surefire_01466081809696733492tmp"/>
    <property name="http.nonProxyHosts" value="paytmbank.net|*.paytmbank.net|103.14.162.34|115.110.141.122|203.122.59.34|203.122.59.38|103.14.161.34|203.122.38.200|paytmpaymentsbank.com|*.paytmpaymentsbank.com|202.143.99.187|125.19.44.94|125.63.68.126|onelogin.paytmbank.com|*.onelogin.paytmbank.com|ds2-hue.paytmbank.com|*.ds2-hue.paytmbank.com|ds2-dehleez.paytmbank.com|*.ds2-dehleez.paytmbank.com|ganges-mumbai-1.paytmlabs.com|*.ganges-mumbai-1.paytmlabs.com|cst-sop.paytmbank.com|*.cst-sop.paytmbank.com|mdr-in.paladion.net|*.mdr-in.paladion.net|cheque-ctsuat.paytmbank.com|*.cheque-ctsuat.paytmbank.com|uatweb.paytm-pb.net|*.uatweb.paytm-pb.net|dcvpn.paytmbank.com|*.dcvpn.paytmbank.com|owa.paytmbank.com|*.owa.paytmbank.com|ds2-hue.paytmlabs.com|*.ds2-hue.paytmlabs.com|192.168.188.59|android-ci01.mypaytm.com|*.android-ci01.mypaytm.com|maquette-sa1-stg.inner-route.com|*.maquette-sa1-stg.inner-route.com|maquette-sa1-prod.inner-route.com|*.maquette-sa1-prod.inner-route.com|local.paytm.com|*.local.paytm.com|local.paytmbank.com|*.local.paytmbank.com|ds2-ambari.paytmbank.com|*.ds2-ambari.paytmbank.com|ds2-resourcemanager.paytmbank.com|*.ds2-resourcemanager.paytmbank.com|ds2-azkaban.paytmbank.com|*.ds2-azkaban.paytmbank.com|ds2-dataset.paytmbank.com|*.ds2-dataset.paytmbank.com|dwh-jenkins.paytmbank.com|*.dwh-jenkins.paytmbank.com|dashboard-ite2.paytmbank.com|*.dashboard-ite2.paytmbank.com|ds2-azkaban-staging.paytmbank.com|*.ds2-azkaban-staging.paytmbank.com|cheque-cts.paytmbank.com|*.cheque-cts.paytmbank.com|203.145.172.180|kyc-kubedashboard-staging.paytmbank.com|*.kyc-kubedashboard-staging.paytmbank.com|bitbucket.org|*.bitbucket.org|dwh-ambari-staging.paytmbank.com|*.dwh-ambari-staging.paytmbank.com|uapworkflow-engine-ite.paytmbank.com|*.uapworkflow-engine-ite.paytmbank.com|maven.fabric.io/public|*.maven.fabric.io/public|midgar.bintray.com/Pai|*.midgar.bintray.com/Pai|internal-kibana-kyc-1354473297.ap-south-1.elb.amazonaws.com|*.internal-kibana-kyc-1354473297.ap-south-1.elb.amazonaws.com|172.24.3.47|bank-super-recon-panel.paytmbank.com|*.bank-super-recon-panel.paytmbank.com|bank-super-recon.paytmbank.com|*.bank-super-recon.paytmbank.com|dashboard-ite.paytmbank.com|*.dashboard-ite.paytmbank.com|vjvpn.paytmbank.com|*.vjvpn.paytmbank.com|kyc-staging-panel.paytmbank.com|*.kyc-staging-panel.paytmbank.com|mudcsmtrp01.paytm-pb.net|*.mudcsmtrp01.paytm-pb.net|ds2-ranger.paytmbank.com|*.ds2-ranger.paytmbank.com|192.168.62.160/DNWebUI/ng.do#|*.192.168.62.160/DNWebUI/ng.do#|lms-ite.paytmbank.com|*.lms-ite.paytmbank.com|ds2-azkaban-dehleez.paytmbank.com|*.ds2-azkaban-dehleez.paytmbank.com|eis-ite2.paytmbank.com|*.eis-ite2.paytmbank.com|product-origin-ite.paytmbank.com|*.product-origin-ite.paytmbank.com|bms-ite.paytmbank.com|*.bms-ite.paytmbank.com|mwdashboard.paytmbank.com|*.mwdashboard.paytmbank.com|upiredash-staging.paytmbank.com|*.upiredash-staging.paytmbank.com|ibmmq-service-ite.paytmbank.com|*.ibmmq-service-ite.paytmbank.com|dakia-ite-origin.paytmbank.com|*.dakia-ite-origin.paytmbank.com|productpref-origin-ite.paytmbank.com|*.productpref-origin-ite.paytmbank.com|eis-ite.paytmbank.com|*.eis-ite.paytmbank.com|deeppurple-ite.paytmbank.com|*.deeppurple-ite.paytmbank.com|secure-origin-preprod.paytmbank.com|*.secure-origin-preprod.paytmbank.com|secure-origin-staging.paytmbank.com|*.secure-origin-staging.paytmbank.com|secure-origin-ite.paytmbank.com|*.secure-origin-ite.paytmbank.com|transactionopsgateway-ite-origin.paytmbank.com|*.transactionopsgateway-ite-origin.paytmbank.com|transactionopsgateway-preprod-origin.paytmbank.com|*.transactionopsgateway-preprod-origin.paytmbank.com|transactionopsgateway-staging-origin.paytmbank.com|*.transactionopsgateway-staging-origin.paytmbank.com|product-preprod.paytmbank.com|*.product-preprod.paytmbank.com|productpref-origin-preprod.paytmbank.com|*.productpref-origin-preprod.paytmbank.com|dakia-preprod.paytmbank.com|*.dakia-preprod.paytmbank.com|dakiascheduler-preprod.paytmbank.com|*.dakiascheduler-preprod.paytmbank.com|veneer-preprod.paytmbank.com|*.veneer-preprod.paytmbank.com|cheque-preprod-origin.paytmbank.com|*.cheque-preprod-origin.paytmbank.com|oauth-origin-preprod.paytmbank.com|*.oauth-origin-preprod.paytmbank.com|otp-otpservice-preprod.paytmbank.com|*.otp-otpservice-preprod.paytmbank.com|challenge-preprod.paytmbank.com|*.challenge-preprod.paytmbank.com|notification-preprod.paytmbank.com|*.notification-preprod.paytmbank.com|ibmmq-service-pt.paytmbank.com|*.ibmmq-service-pt.paytmbank.com|haproxy-ingress.github.io|*.haproxy-ingress.github.io|invest-ite-origin.paytmbank.com|*.invest-ite-origin.paytmbank.com|polynote01.internal.prod-ppbl.osmose.paytmlabs.com|*.polynote01.internal.prod-ppbl.osmose.paytmlabs.com|ml-test-01.internal.prod-ppbl.osmose.paytmlabs.com|*.ml-test-01.internal.prod-ppbl.osmose.paytmlabs.com|gpu01.internal.prod-ppbl.osmose.paytmlabs.com|*.gpu01.internal.prod-ppbl.osmose.paytmlabs.com|maquette.prod-sa1.inner-route.com|*.maquette.prod-sa1.inner-route.com|emr-master01.internal.prod-ppbl.osmose.paytmlabs.com|*.emr-master01.internal.prod-ppbl.osmose.paytmlabs.com|azkaban.internal.prod-ppbl.osmose.paytmlabs.com|*.azkaban.internal.prod-ppbl.osmose.paytmlabs.com|transactionopsgateway-ite.paytmbank.com|*.transactionopsgateway-ite.paytmbank.com|fastag-redash.paytmbank.com|*.fastag-redash.paytmbank.com|deeppurple.paytmbank.com|*.deeppurple.paytmbank.com|aeps-mock-staging.paytmbank.com|*.aeps-mock-staging.paytmbank.com|aeps-switch-staging2.paytmbank.com|*.aeps-switch-staging2.paytmbank.com|aeps-issuer-staging.paytmbank.com|*.aeps-issuer-staging.paytmbank.com|aeps-acquirer-staging.paytmbank.com|*.aeps-acquirer-staging.paytmbank.com|aeps-recon-staging.paytmbank.com|*.aeps-recon-staging.paytmbank.com|202.143.99.177|paytmpb.io|*.paytmpb.io|kyc-dev-panel.paytmbank.com|*.kyc-dev-panel.paytmbank.com|172.60.5.139|maquette-ldap.paytmbank.inner-route.com|*.maquette-ldap.paytmbank.inner-route.com|172.24.33.51|172.60.5.174|172.60.5.187|azkabannode-dataset-prod-1.paytm-pb.net|*.azkabannode-dataset-prod-1.paytm-pb.net|artifactory.mypaytm.com|*.artifactory.mypaytm.com|teams.microsoft.com|*.teams.microsoft.com|1.7.216.195|182.18.155.26|netbanking-internal-dc.paytmbank.com|*.netbanking-internal-dc.paytmbank.com|emr-master02.internal.prod-ppbl.osmose.paytmlabs.com|*.emr-master02.internal.prod-ppbl.osmose.paytmlabs.com|kibana.prod-sa1.osmose.paytmlabs.com|*.kibana.prod-sa1.osmose.paytmlabs.com|maquette-audit.paytmbank.inner-route.com|*.maquette-audit.paytmbank.inner-route.com|shiksha-ite.com|*.shiksha-ite.com|deeppurple-ite.com|*.deeppurple-ite.com|mw-amc.paytmbank.com|*.mw-amc.paytmbank.com|maquette.paytmbank.inner-route.com|*.maquette.paytmbank.inner-route.com|maquette.stg-sa1.inner-route.com|*.maquette.stg-sa1.inner-route.com|maquette-admin.stg-sa1.inner-route.com|*.maquette-admin.stg-sa1.inner-route.com|maquette-admin-ldap.paytmbank.inner-route.com|*.maquette-admin-ldap.paytmbank.inner-route.com|maquette-admin.paytmbank.inner-route.com|*.maquette-admin.paytmbank.inner-route.com|maquette-admin.paytmbank.inner-route.com|*.maquette-admin.paytmbank.inner-route.com|bankapiautomation-ite.paytmbank.com|*.bankapiautomation-ite.paytmbank.com|secure-ite.paytmbank.com|*.secure-ite.paytmbank.com|oauth-preprod-internal.paytmbank.com|*.oauth-preprod-internal.paytmbank.com|oauth-ite.paytmbank.com|*.oauth-ite.paytmbank.com|invest-internal-ite.paytmbank.com|*.invest-internal-ite.paytmbank.com|documents-ite.paytmbank.com|*.documents-ite.paytmbank.com|documents-preprod.paytmbank.com|*.documents-preprod.paytmbank.com|pass-api-ite.paytmbank.com|*.pass-api-ite.paytmbank.com|invest-internal-mwpreprod.paytmbank.com|*.invest-internal-mwpreprod.paytmbank.com|kyc-dev.paytmbank.com|*.kyc-dev.paytmbank.com|goldengate-staging.paytmbank.com|*.goldengate-staging.paytmbank.com|kyc-public-dev.paytmbank.com|*.kyc-public-dev.paytmbank.com|upigateway-staging.paytmbank.com|*.upigateway-staging.paytmbank.com|statement-ite.paytmbank.com|*.statement-ite.paytmbank.com|statement-internal-ite.paytmbank.com|*.statement-internal-ite.paytmbank.com|statement-mwstaging.paytmbank.com|*.statement-mwstaging.paytmbank.com|statement-preprod.paytmbank.com|*.statement-preprod.paytmbank.com|insurance-service-ite.paytmbank.com|*.insurance-service-ite.paytmbank.com|bankfulfillment-internal-ite.paytmbank.com|*.bankfulfillment-internal-ite.paytmbank.com|subscription-backend-mwpreprod.paytmbank.com|*.subscription-backend-mwpreprod.paytmbank.com|subscription-backend-ite.paytmbank.com|*.subscription-backend-ite.paytmbank.com|paytm-pb.net|*.paytm-pb.net|cst-apim.paytmdgt.io|*.cst-apim.paytmdgt.io|cststaging-apim.paytmdgt.io|*.cststaging-apim.paytmdgt.io|bank-pulse.mypaytm.com|*.bank-pulse.mypaytm.com|ios-ci01.mypaytm.com|*.ios-ci01.mypaytm.com|maquette.internal.ap-south-1.staging.osmose.risk.pai.mypaytm.com|*.maquette.internal.ap-south-1.staging.osmose.risk.pai.mypaytm.com|dbt-internal-dc.paytmbank.com|*.dbt-internal-dc.paytmbank.com|staging-pulse.mypaytm.com|*.staging-pulse.mypaytm.com|dc1vpn.paytmbank.com|*.dc1vpn.paytmbank.com|dr1vpn.paytmbank.com|*.dr1vpn.paytmbank.com"/>
    <property name="jdk.debug" value="release"/>
    <property name="surefire.test.class.path" value="/Users/ambesh.kumar/myWorkDirectory/walletManagement/UserManagement/target/test-classes:/Users/ambesh.kumar/myWorkDirectory/walletManagement/UserManagement/target/classes:/Users/ambesh.kumar/.m2/repository/org/springframework/boot/spring-boot-starter-validation/2.6.2/spring-boot-starter-validation-2.6.2.jar:/Users/ambesh.kumar/.m2/repository/org/springframework/boot/spring-boot-starter/2.6.2/spring-boot-starter-2.6.2.jar:/Users/ambesh.kumar/.m2/repository/org/springframework/boot/spring-boot/2.6.2/spring-boot-2.6.2.jar:/Users/ambesh.kumar/.m2/repository/org/springframework/boot/spring-boot-autoconfigure/2.6.2/spring-boot-autoconfigure-2.6.2.jar:/Users/ambesh.kumar/.m2/repository/org/springframework/boot/spring-boot-starter-logging/2.6.2/spring-boot-starter-logging-2.6.2.jar:/Users/ambesh.kumar/.m2/repository/ch/qos/logback/logback-classic/1.2.9/logback-classic-1.2.9.jar:/Users/ambesh.kumar/.m2/repository/ch/qos/logback/logback-core/1.2.9/logback-core-1.2.9.jar:/Users/ambesh.kumar/.m2/repository/org/apache/logging/log4j/log4j-to-slf4j/2.17.0/log4j-to-slf4j-2.17.0.jar:/Users/ambesh.kumar/.m2/repository/org/apache/logging/log4j/log4j-api/2.17.0/log4j-api-2.17.0.jar:/Users/ambesh.kumar/.m2/repository/org/slf4j/jul-to-slf4j/1.7.32/jul-to-slf4j-1.7.32.jar:/Users/ambesh.kumar/.m2/repository/jakarta/annotation/jakarta.annotation-api/1.3.5/jakarta.annotation-api-1.3.5.jar:/Users/ambesh.kumar/.m2/repository/org/yaml/snakeyaml/1.29/snakeyaml-1.29.jar:/Users/ambesh.kumar/.m2/repository/org/apache/tomcat/embed/tomcat-embed-el/9.0.56/tomcat-embed-el-9.0.56.jar:/Users/ambesh.kumar/.m2/repository/org/hibernate/validator/hibernate-validator/6.2.0.Final/hibernate-validator-6.2.0.Final.jar:/Users/ambesh.kumar/.m2/repository/jakarta/validation/jakarta.validation-api/2.0.2/jakarta.validation-api-2.0.2.jar:/Users/ambesh.kumar/.m2/repository/org/jboss/logging/jboss-logging/3.4.2.Final/jboss-logging-3.4.2.Final.jar:/Users/ambesh.kumar/.m2/repository/com/fasterxml/classmate/1.5.1/classmate-1.5.1.jar:/Users/ambesh.kumar/.m2/repository/org/springframework/boot/spring-boot-starter-data-jpa/2.6.2/spring-boot-starter-data-jpa-2.6.2.jar:/Users/ambesh.kumar/.m2/repository/org/springframework/boot/spring-boot-starter-aop/2.6.2/spring-boot-starter-aop-2.6.2.jar:/Users/ambesh.kumar/.m2/repository/org/aspectj/aspectjweaver/1.9.7/aspectjweaver-1.9.7.jar:/Users/ambesh.kumar/.m2/repository/org/springframework/boot/spring-boot-starter-jdbc/2.6.2/spring-boot-starter-jdbc-2.6.2.jar:/Users/ambesh.kumar/.m2/repository/com/zaxxer/HikariCP/4.0.3/HikariCP-4.0.3.jar:/Users/ambesh.kumar/.m2/repository/org/springframework/spring-jdbc/5.3.14/spring-jdbc-5.3.14.jar:/Users/ambesh.kumar/.m2/repository/jakarta/transaction/jakarta.transaction-api/1.3.3/jakarta.transaction-api-1.3.3.jar:/Users/ambesh.kumar/.m2/repository/jakarta/persistence/jakarta.persistence-api/2.2.3/jakarta.persistence-api-2.2.3.jar:/Users/ambesh.kumar/.m2/repository/org/hibernate/hibernate-core/5.6.3.Final/hibernate-core-5.6.3.Final.jar:/Users/ambesh.kumar/.m2/repository/net/bytebuddy/byte-buddy/1.11.22/byte-buddy-1.11.22.jar:/Users/ambesh.kumar/.m2/repository/antlr/antlr/2.7.7/antlr-2.7.7.jar:/Users/ambesh.kumar/.m2/repository/org/jboss/jandex/2.2.3.Final/jandex-2.2.3.Final.jar:/Users/ambesh.kumar/.m2/repository/org/hibernate/common/hibernate-commons-annotations/5.1.2.Final/hibernate-commons-annotations-5.1.2.Final.jar:/Users/ambesh.kumar/.m2/repository/org/glassfish/jaxb/jaxb-runtime/2.3.5/jaxb-runtime-2.3.5.jar:/Users/ambesh.kumar/.m2/repository/org/glassfish/jaxb/txw2/2.3.5/txw2-2.3.5.jar:/Users/ambesh.kumar/.m2/repository/com/sun/istack/istack-commons-runtime/3.0.12/istack-commons-runtime-3.0.12.jar:/Users/ambesh.kumar/.m2/repository/com/sun/activation/jakarta.activation/1.2.2/jakarta.activation-1.2.2.jar:/Users/ambesh.kumar/.m2/repository/org/springframework/data/spring-data-jpa/2.6.0/spring-data-jpa-2.6.0.jar:/Users/ambesh.kumar/.m2/repository/org/springframework/data/spring-data-commons/2.6.0/spring-data-commons-2.6.0.jar:/Users/ambesh.kumar/.m2/repository/org/springframework/spring-orm/5.3.14/spring-orm-5.3.14.jar:/Users/ambesh.kumar/.m2/repository/org/slf4j/slf4j-api/1.7.32/slf4j-api-1.7.32.jar:/Users/ambesh.kumar/.m2/repository/org/springframework/spring-aspects/5.3.14/spring-aspects-5.3.14.jar:/Users/ambesh.kumar/.m2/repository/org/springframework/boot/spring-boot-starter-security/2.6.2/spring-boot-starter-security-2.6.2.jar:/Users/ambesh.kumar/.m2/repository/org/springframework/spring-aop/5.3.14/spring-aop-5.3.14.jar:/Users/ambesh.kumar/.m2/repository/org/springframework/security/spring-security-web/5.6.1/spring-security-web-5.6.1.jar:/Users/ambesh.kumar/.m2/repository/org/springframework/spring-expression/5.3.14/spring-expression-5.3.14.jar:/Users/ambesh.kumar/.m2/repository/org/springframework/security/spring-security-config/5.6.1/spring-security-config-5.6.1.jar:/Users/ambesh.kumar/.m2/repository/org/springframework/security/spring-security-core/5.6.1/spring-security-core-5.6.1.jar:/Users/ambesh.kumar/.m2/repository/org/springframework/security/spring-security-crypto/5.6.1/spring-security-crypto-5.6.1.jar:/Users/ambesh.kumar/.m2/repository/org/springframework/spring-beans/5.3.14/spring-beans-5.3.14.jar:/Users/ambesh.kumar/.m2/repository/org/springframework/spring-context/5.3.14/spring-context-5.3.14.jar:/Users/ambesh.kumar/.m2/repository/org/springframework/spring-core/5.3.14/spring-core-5.3.14.jar:/Users/ambesh.kumar/.m2/repository/org/springframework/spring-jcl/5.3.14/spring-jcl-5.3.14.jar:/Users/ambesh.kumar/.m2/repository/org/springframework/boot/spring-boot-starter-web/2.6.2/spring-boot-starter-web-2.6.2.jar:/Users/ambesh.kumar/.m2/repository/org/springframework/boot/spring-boot-starter-json/2.6.2/spring-boot-starter-json-2.6.2.jar:/Users/ambesh.kumar/.m2/repository/com/fasterxml/jackson/datatype/jackson-datatype-jdk8/2.13.1/jackson-datatype-jdk8-2.13.1.jar:/Users/ambesh.kumar/.m2/repository/com/fasterxml/jackson/datatype/jackson-datatype-jsr310/2.13.1/jackson-datatype-jsr310-2.13.1.jar:/Users/ambesh.kumar/.m2/repository/com/fasterxml/jackson/module/jackson-module-parameter-names/2.13.1/jackson-module-parameter-names-2.13.1.jar:/Users/ambesh.kumar/.m2/repository/org/springframework/boot/spring-boot-starter-tomcat/2.6.2/spring-boot-starter-tomcat-2.6.2.jar:/Users/ambesh.kumar/.m2/repository/org/apache/tomcat/embed/tomcat-embed-core/9.0.56/tomcat-embed-core-9.0.56.jar:/Users/ambesh.kumar/.m2/repository/org/apache/tomcat/embed/tomcat-embed-websocket/9.0.56/tomcat-embed-websocket-9.0.56.jar:/Users/ambesh.kumar/.m2/repository/org/springframework/spring-web/5.3.14/spring-web-5.3.14.jar:/Users/ambesh.kumar/.m2/repository/org/springframework/spring-webmvc/5.3.14/spring-webmvc-5.3.14.jar:/Users/ambesh.kumar/.m2/repository/org/springframework/kafka/spring-kafka/2.8.1/spring-kafka-2.8.1.jar:/Users/ambesh.kumar/.m2/repository/org/springframework/spring-messaging/5.3.14/spring-messaging-5.3.14.jar:/Users/ambesh.kumar/.m2/repository/org/springframework/spring-tx/5.3.14/spring-tx-5.3.14.jar:/Users/ambesh.kumar/.m2/repository/org/springframework/retry/spring-retry/1.3.1/spring-retry-1.3.1.jar:/Users/ambesh.kumar/.m2/repository/javax/annotation/javax.annotation-api/1.3.2/javax.annotation-api-1.3.2.jar:/Users/ambesh.kumar/.m2/repository/org/apache/kafka/kafka-clients/3.0.0/kafka-clients-3.0.0.jar:/Users/ambesh.kumar/.m2/repository/com/github/luben/zstd-jni/1.5.0-2/zstd-jni-1.5.0-2.jar:/Users/ambesh.kumar/.m2/repository/org/lz4/lz4-java/1.7.1/lz4-java-1.7.1.jar:/Users/ambesh.kumar/.m2/repository/org/xerial/snappy/snappy-java/1.1.8.1/snappy-java-1.1.8.1.jar:/Users/ambesh.kumar/.m2/repository/com/google/code/findbugs/jsr305/3.0.2/jsr305-3.0.2.jar:/Users/ambesh.kumar/.m2/repository/io/jsonwebtoken/jjwt/0.9.0/jjwt-0.9.0.jar:/Users/ambesh.kumar/.m2/repository/com/fasterxml/jackson/core/jackson-databind/2.13.1/jackson-databind-2.13.1.jar:/Users/ambesh.kumar/.m2/repository/com/fasterxml/jackson/core/jackson-annotations/2.13.1/jackson-annotations-2.13.1.jar:/Users/ambesh.kumar/.m2/repository/com/fasterxml/jackson/core/jackson-core/2.13.1/jackson-core-2.13.1.jar:/Users/ambesh.kumar/.m2/repository/javax/xml/bind/jaxb-api/2.3.0/jaxb-api-2.3.0.jar:/Users/ambesh.kumar/.m2/repository/mysql/mysql-connector-java/8.0.27/mysql-connector-java-8.0.27.jar:/Users/ambesh.kumar/.m2/repository/org/projectlombok/lombok/1.18.22/lombok-1.18.22.jar:/Users/ambesh.kumar/.m2/repository/org/springframework/boot/spring-boot-starter-test/2.6.2/spring-boot-starter-test-2.6.2.jar:/Users/ambesh.kumar/.m2/repository/org/springframework/boot/spring-boot-test/2.6.2/spring-boot-test-2.6.2.jar:/Users/ambesh.kumar/.m2/repository/org/springframework/boot/spring-boot-test-autoconfigure/2.6.2/spring-boot-test-autoconfigure-2.6.2.jar:/Users/ambesh.kumar/.m2/repository/com/jayway/jsonpath/json-path/2.6.0/json-path-2.6.0.jar:/Users/ambesh.kumar/.m2/repository/net/minidev/json-smart/2.4.7/json-smart-2.4.7.jar:/Users/ambesh.kumar/.m2/repository/net/minidev/accessors-smart/2.4.7/accessors-smart-2.4.7.jar:/Users/ambesh.kumar/.m2/repository/org/ow2/asm/asm/9.1/asm-9.1.jar:/Users/ambesh.kumar/.m2/repository/jakarta/xml/bind/jakarta.xml.bind-api/2.3.3/jakarta.xml.bind-api-2.3.3.jar:/Users/ambesh.kumar/.m2/repository/jakarta/activation/jakarta.activation-api/1.2.2/jakarta.activation-api-1.2.2.jar:/Users/ambesh.kumar/.m2/repository/org/assertj/assertj-core/3.21.0/assertj-core-3.21.0.jar:/Users/ambesh.kumar/.m2/repository/org/hamcrest/hamcrest/2.2/hamcrest-2.2.jar:/Users/ambesh.kumar/.m2/repository/org/junit/jupiter/junit-jupiter/5.8.2/junit-jupiter-5.8.2.jar:/Users/ambesh.kumar/.m2/repository/org/junit/jupiter/junit-jupiter-api/5.8.2/junit-jupiter-api-5.8.2.jar:/Users/ambesh.kumar/.m2/repository/org/junit/jupiter/junit-jupiter-params/5.8.2/junit-jupiter-params-5.8.2.jar:/Users/ambesh.kumar/.m2/repository/org/junit/jupiter/junit-jupiter-engine/5.8.2/junit-jupiter-engine-5.8.2.jar:/Users/ambesh.kumar/.m2/repository/org/mockito/mockito-core/4.0.0/mockito-core-4.0.0.jar:/Users/ambesh.kumar/.m2/repository/net/bytebuddy/byte-buddy-agent/1.11.22/byte-buddy-agent-1.11.22.jar:/Users/ambesh.kumar/.m2/repository/org/objenesis/objenesis/3.2/objenesis-3.2.jar:/Users/ambesh.kumar/.m2/repository/org/mockito/mockito-junit-jupiter/4.0.0/mockito-junit-jupiter-4.0.0.jar:/Users/ambesh.kumar/.m2/repository/org/skyscreamer/jsonassert/1.5.0/jsonassert-1.5.0.jar:/Users/ambesh.kumar/.m2/repository/com/vaadin/external/google/android-json/0.0.20131108.vaadin1/android-json-0.0.20131108.vaadin1.jar:/Users/ambesh.kumar/.m2/repository/org/springframework/spring-test/5.3.14/spring-test-5.3.14.jar:/Users/ambesh.kumar/.m2/repository/org/xmlunit/xmlunit-core/2.8.4/xmlunit-core-2.8.4.jar:/Users/ambesh.kumar/.m2/repository/org/springframework/security/spring-security-test/5.6.1/spring-security-test-5.6.1.jar:/Users/ambesh.kumar/.m2/repository/junit/junit/4.13.2/junit-4.13.2.jar:/Users/ambesh.kumar/.m2/repository/org/hamcrest/hamcrest-core/2.2/hamcrest-core-2.2.jar:/Users/ambesh.kumar/.m2/repository/org/junit/platform/junit-platform-launcher/1.8.2/junit-platform-launcher-1.8.2.jar:/Users/ambesh.kumar/.m2/repository/org/junit/platform/junit-platform-engine/1.8.2/junit-platform-engine-1.8.2.jar:/Users/ambesh.kumar/.m2/repository/org/opentest4j/opentest4j/1.2.0/opentest4j-1.2.0.jar:/Users/ambesh.kumar/.m2/repository/org/junit/platform/junit-platform-commons/1.8.2/junit-platform-commons-1.8.2.jar:/Users/ambesh.kumar/.m2/repository/org/apiguardian/apiguardian-api/1.1.2/apiguardian-api-1.1.2.jar:/Users/ambesh.kumar/.m2/repository/org/jetbrains/annotations/23.0.0/annotations-23.0.0.jar:/Users/ambesh.kumar/.m2/repository/log4j/log4j/1.2.17/log4j-1.2.17.jar:/Users/ambesh.kumar/.m2/repository/org/springdoc/springdoc-openapi-ui/1.2.32/springdoc-openapi-ui-1.2.32.jar:/Users/ambesh.kumar/.m2/repository/org/springdoc/springdoc-openapi-webmvc-core/1.2.32/springdoc-openapi-webmvc-core-1.2.32.jar:/Users/ambesh.kumar/.m2/repository/org/springdoc/springdoc-openapi-common/1.2.32/springdoc-openapi-common-1.2.32.jar:/Users/ambesh.kumar/.m2/repository/io/swagger/core/v3/swagger-models/2.1.1/swagger-models-2.1.1.jar:/Users/ambesh.kumar/.m2/repository/io/swagger/core/v3/swagger-annotations/2.1.1/swagger-annotations-2.1.1.jar:/Users/ambesh.kumar/.m2/repository/io/swagger/core/v3/swagger-integration/2.1.1/swagger-integration-2.1.1.jar:/Users/ambesh.kumar/.m2/repository/io/swagger/core/v3/swagger-core/2.1.1/swagger-core-2.1.1.jar:/Users/ambesh.kumar/.m2/repository/com/fasterxml/jackson/dataformat/jackson-dataformat-yaml/2.13.1/jackson-dataformat-yaml-2.13.1.jar:/Users/ambesh.kumar/.m2/repository/javax/validation/validation-api/2.0.1.Final/validation-api-2.0.1.Final.jar:/Users/ambesh.kumar/.m2/repository/io/github/classgraph/classgraph/4.8.44/classgraph-4.8.44.jar:/Users/ambesh.kumar/.m2/repository/org/webjars/swagger-ui/3.25.0/swagger-ui-3.25.0.jar:/Users/ambesh.kumar/.m2/repository/org/webjars/webjars-locator/0.38/webjars-locator-0.38.jar:/Users/ambesh.kumar/.m2/repository/org/webjars/webjars-locator-core/0.48/webjars-locator-core-0.48.jar:/Users/ambesh.kumar/.m2/repository/org/apache/commons/commons-lang3/3.12.0/commons-lang3-3.12.0.jar:/Users/ambesh.kumar/.m2/repository/com/google/code/gson/gson/2.9.0/gson-2.9.0.jar:/Users/ambesh.kumar/.m2/repository/org/apache/flink/flink-connector-kafka_2.12/1.14.3/flink-connector-kafka_2.12-1.14.3.jar:/Users/ambesh.kumar/.m2/repository/org/apache/flink/flink-connector-base/1.14.3/flink-connector-base-1.14.3.jar:/Users/ambesh.kumar/.m2/repository/org/apache/flink/flink-shaded-force-shading/14.0/flink-shaded-force-shading-14.0.jar:/Users/ambesh.kumar/.m2/repository/org/apache/flink/flink-connector-elasticsearch_2.12/1.8.3/flink-connector-elasticsearch_2.12-1.8.3.jar:/Users/ambesh.kumar/.m2/repository/org/apache/flink/force-shading/1.8.3/force-shading-1.8.3.jar:"/>
    <property name="sun.cpu.endian" value="little"/>
    <property name="user.home" value="/Users/ambesh.kumar"/>
    <property name="user.language" value="en"/>
    <property name="java.specification.vendor" value="Oracle Corporation"/>
    <property name="java.version.date" value="2022-01-18"/>
    <property name="java.home" value="/Users/ambesh.kumar/Library/Java/JavaVirtualMachines/openjdk-17.0.2/Contents/Home"/>
    <property name="file.separator" value="/"/>
    <property name="https.proxyHost" value="proxy.paytmbankproxy.net"/>
    <property name="basedir" value="/Users/ambesh.kumar/myWorkDirectory/walletManagement/UserManagement"/>
    <property name="java.vm.compressedOopsMode" value="Zero based"/>
    <property name="line.separator" value="&#10;"/>
    <property name="java.vm.specification.vendor" value="Oracle Corporation"/>
    <property name="java.specification.name" value="Java Platform API Specification"/>
    <property name="surefire.real.class.path" value="/Users/ambesh.kumar/myWorkDirectory/walletManagement/UserManagement/target/surefire/surefirebooter7663191069998578645.jar"/>
    <property name="sun.management.compiler" value="HotSpot 64-Bit Tiered Compilers"/>
    <property name="ftp.nonProxyHosts" value="paytmbank.net|*.paytmbank.net|103.14.162.34|115.110.141.122|203.122.59.34|203.122.59.38|103.14.161.34|203.122.38.200|paytmpaymentsbank.com|*.paytmpaymentsbank.com|202.143.99.187|125.19.44.94|125.63.68.126|onelogin.paytmbank.com|*.onelogin.paytmbank.com|ds2-hue.paytmbank.com|*.ds2-hue.paytmbank.com|ds2-dehleez.paytmbank.com|*.ds2-dehleez.paytmbank.com|ganges-mumbai-1.paytmlabs.com|*.ganges-mumbai-1.paytmlabs.com|cst-sop.paytmbank.com|*.cst-sop.paytmbank.com|mdr-in.paladion.net|*.mdr-in.paladion.net|cheque-ctsuat.paytmbank.com|*.cheque-ctsuat.paytmbank.com|uatweb.paytm-pb.net|*.uatweb.paytm-pb.net|dcvpn.paytmbank.com|*.dcvpn.paytmbank.com|owa.paytmbank.com|*.owa.paytmbank.com|ds2-hue.paytmlabs.com|*.ds2-hue.paytmlabs.com|192.168.188.59|android-ci01.mypaytm.com|*.android-ci01.mypaytm.com|maquette-sa1-stg.inner-route.com|*.maquette-sa1-stg.inner-route.com|maquette-sa1-prod.inner-route.com|*.maquette-sa1-prod.inner-route.com|local.paytm.com|*.local.paytm.com|local.paytmbank.com|*.local.paytmbank.com|ds2-ambari.paytmbank.com|*.ds2-ambari.paytmbank.com|ds2-resourcemanager.paytmbank.com|*.ds2-resourcemanager.paytmbank.com|ds2-azkaban.paytmbank.com|*.ds2-azkaban.paytmbank.com|ds2-dataset.paytmbank.com|*.ds2-dataset.paytmbank.com|dwh-jenkins.paytmbank.com|*.dwh-jenkins.paytmbank.com|dashboard-ite2.paytmbank.com|*.dashboard-ite2.paytmbank.com|ds2-azkaban-staging.paytmbank.com|*.ds2-azkaban-staging.paytmbank.com|cheque-cts.paytmbank.com|*.cheque-cts.paytmbank.com|203.145.172.180|kyc-kubedashboard-staging.paytmbank.com|*.kyc-kubedashboard-staging.paytmbank.com|bitbucket.org|*.bitbucket.org|dwh-ambari-staging.paytmbank.com|*.dwh-ambari-staging.paytmbank.com|uapworkflow-engine-ite.paytmbank.com|*.uapworkflow-engine-ite.paytmbank.com|maven.fabric.io/public|*.maven.fabric.io/public|midgar.bintray.com/Pai|*.midgar.bintray.com/Pai|internal-kibana-kyc-1354473297.ap-south-1.elb.amazonaws.com|*.internal-kibana-kyc-1354473297.ap-south-1.elb.amazonaws.com|172.24.3.47|bank-super-recon-panel.paytmbank.com|*.bank-super-recon-panel.paytmbank.com|bank-super-recon.paytmbank.com|*.bank-super-recon.paytmbank.com|dashboard-ite.paytmbank.com|*.dashboard-ite.paytmbank.com|vjvpn.paytmbank.com|*.vjvpn.paytmbank.com|kyc-staging-panel.paytmbank.com|*.kyc-staging-panel.paytmbank.com|mudcsmtrp01.paytm-pb.net|*.mudcsmtrp01.paytm-pb.net|ds2-ranger.paytmbank.com|*.ds2-ranger.paytmbank.com|192.168.62.160/DNWebUI/ng.do#|*.192.168.62.160/DNWebUI/ng.do#|lms-ite.paytmbank.com|*.lms-ite.paytmbank.com|ds2-azkaban-dehleez.paytmbank.com|*.ds2-azkaban-dehleez.paytmbank.com|eis-ite2.paytmbank.com|*.eis-ite2.paytmbank.com|product-origin-ite.paytmbank.com|*.product-origin-ite.paytmbank.com|bms-ite.paytmbank.com|*.bms-ite.paytmbank.com|mwdashboard.paytmbank.com|*.mwdashboard.paytmbank.com|upiredash-staging.paytmbank.com|*.upiredash-staging.paytmbank.com|ibmmq-service-ite.paytmbank.com|*.ibmmq-service-ite.paytmbank.com|dakia-ite-origin.paytmbank.com|*.dakia-ite-origin.paytmbank.com|productpref-origin-ite.paytmbank.com|*.productpref-origin-ite.paytmbank.com|eis-ite.paytmbank.com|*.eis-ite.paytmbank.com|deeppurple-ite.paytmbank.com|*.deeppurple-ite.paytmbank.com|secure-origin-preprod.paytmbank.com|*.secure-origin-preprod.paytmbank.com|secure-origin-staging.paytmbank.com|*.secure-origin-staging.paytmbank.com|secure-origin-ite.paytmbank.com|*.secure-origin-ite.paytmbank.com|transactionopsgateway-ite-origin.paytmbank.com|*.transactionopsgateway-ite-origin.paytmbank.com|transactionopsgateway-preprod-origin.paytmbank.com|*.transactionopsgateway-preprod-origin.paytmbank.com|transactionopsgateway-staging-origin.paytmbank.com|*.transactionopsgateway-staging-origin.paytmbank.com|product-preprod.paytmbank.com|*.product-preprod.paytmbank.com|productpref-origin-preprod.paytmbank.com|*.productpref-origin-preprod.paytmbank.com|dakia-preprod.paytmbank.com|*.dakia-preprod.paytmbank.com|dakiascheduler-preprod.paytmbank.com|*.dakiascheduler-preprod.paytmbank.com|veneer-preprod.paytmbank.com|*.veneer-preprod.paytmbank.com|cheque-preprod-origin.paytmbank.com|*.cheque-preprod-origin.paytmbank.com|oauth-origin-preprod.paytmbank.com|*.oauth-origin-preprod.paytmbank.com|otp-otpservice-preprod.paytmbank.com|*.otp-otpservice-preprod.paytmbank.com|challenge-preprod.paytmbank.com|*.challenge-preprod.paytmbank.com|notification-preprod.paytmbank.com|*.notification-preprod.paytmbank.com|ibmmq-service-pt.paytmbank.com|*.ibmmq-service-pt.paytmbank.com|haproxy-ingress.github.io|*.haproxy-ingress.github.io|invest-ite-origin.paytmbank.com|*.invest-ite-origin.paytmbank.com|polynote01.internal.prod-ppbl.osmose.paytmlabs.com|*.polynote01.internal.prod-ppbl.osmose.paytmlabs.com|ml-test-01.internal.prod-ppbl.osmose.paytmlabs.com|*.ml-test-01.internal.prod-ppbl.osmose.paytmlabs.com|gpu01.internal.prod-ppbl.osmose.paytmlabs.com|*.gpu01.internal.prod-ppbl.osmose.paytmlabs.com|maquette.prod-sa1.inner-route.com|*.maquette.prod-sa1.inner-route.com|emr-master01.internal.prod-ppbl.osmose.paytmlabs.com|*.emr-master01.internal.prod-ppbl.osmose.paytmlabs.com|azkaban.internal.prod-ppbl.osmose.paytmlabs.com|*.azkaban.internal.prod-ppbl.osmose.paytmlabs.com|transactionopsgateway-ite.paytmbank.com|*.transactionopsgateway-ite.paytmbank.com|fastag-redash.paytmbank.com|*.fastag-redash.paytmbank.com|deeppurple.paytmbank.com|*.deeppurple.paytmbank.com|aeps-mock-staging.paytmbank.com|*.aeps-mock-staging.paytmbank.com|aeps-switch-staging2.paytmbank.com|*.aeps-switch-staging2.paytmbank.com|aeps-issuer-staging.paytmbank.com|*.aeps-issuer-staging.paytmbank.com|aeps-acquirer-staging.paytmbank.com|*.aeps-acquirer-staging.paytmbank.com|aeps-recon-staging.paytmbank.com|*.aeps-recon-staging.paytmbank.com|202.143.99.177|paytmpb.io|*.paytmpb.io|kyc-dev-panel.paytmbank.com|*.kyc-dev-panel.paytmbank.com|172.60.5.139|maquette-ldap.paytmbank.inner-route.com|*.maquette-ldap.paytmbank.inner-route.com|172.24.33.51|172.60.5.174|172.60.5.187|azkabannode-dataset-prod-1.paytm-pb.net|*.azkabannode-dataset-prod-1.paytm-pb.net|artifactory.mypaytm.com|*.artifactory.mypaytm.com|teams.microsoft.com|*.teams.microsoft.com|1.7.216.195|182.18.155.26|netbanking-internal-dc.paytmbank.com|*.netbanking-internal-dc.paytmbank.com|emr-master02.internal.prod-ppbl.osmose.paytmlabs.com|*.emr-master02.internal.prod-ppbl.osmose.paytmlabs.com|kibana.prod-sa1.osmose.paytmlabs.com|*.kibana.prod-sa1.osmose.paytmlabs.com|maquette-audit.paytmbank.inner-route.com|*.maquette-audit.paytmbank.inner-route.com|shiksha-ite.com|*.shiksha-ite.com|deeppurple-ite.com|*.deeppurple-ite.com|mw-amc.paytmbank.com|*.mw-amc.paytmbank.com|maquette.paytmbank.inner-route.com|*.maquette.paytmbank.inner-route.com|maquette.stg-sa1.inner-route.com|*.maquette.stg-sa1.inner-route.com|maquette-admin.stg-sa1.inner-route.com|*.maquette-admin.stg-sa1.inner-route.com|maquette-admin-ldap.paytmbank.inner-route.com|*.maquette-admin-ldap.paytmbank.inner-route.com|maquette-admin.paytmbank.inner-route.com|*.maquette-admin.paytmbank.inner-route.com|maquette-admin.paytmbank.inner-route.com|*.maquette-admin.paytmbank.inner-route.com|bankapiautomation-ite.paytmbank.com|*.bankapiautomation-ite.paytmbank.com|secure-ite.paytmbank.com|*.secure-ite.paytmbank.com|oauth-preprod-internal.paytmbank.com|*.oauth-preprod-internal.paytmbank.com|oauth-ite.paytmbank.com|*.oauth-ite.paytmbank.com|invest-internal-ite.paytmbank.com|*.invest-internal-ite.paytmbank.com|documents-ite.paytmbank.com|*.documents-ite.paytmbank.com|documents-preprod.paytmbank.com|*.documents-preprod.paytmbank.com|pass-api-ite.paytmbank.com|*.pass-api-ite.paytmbank.com|invest-internal-mwpreprod.paytmbank.com|*.invest-internal-mwpreprod.paytmbank.com|kyc-dev.paytmbank.com|*.kyc-dev.paytmbank.com|goldengate-staging.paytmbank.com|*.goldengate-staging.paytmbank.com|kyc-public-dev.paytmbank.com|*.kyc-public-dev.paytmbank.com|upigateway-staging.paytmbank.com|*.upigateway-staging.paytmbank.com|statement-ite.paytmbank.com|*.statement-ite.paytmbank.com|statement-internal-ite.paytmbank.com|*.statement-internal-ite.paytmbank.com|statement-mwstaging.paytmbank.com|*.statement-mwstaging.paytmbank.com|statement-preprod.paytmbank.com|*.statement-preprod.paytmbank.com|insurance-service-ite.paytmbank.com|*.insurance-service-ite.paytmbank.com|bankfulfillment-internal-ite.paytmbank.com|*.bankfulfillment-internal-ite.paytmbank.com|subscription-backend-mwpreprod.paytmbank.com|*.subscription-backend-mwpreprod.paytmbank.com|subscription-backend-ite.paytmbank.com|*.subscription-backend-ite.paytmbank.com|paytm-pb.net|*.paytm-pb.net|cst-apim.paytmdgt.io|*.cst-apim.paytmdgt.io|cststaging-apim.paytmdgt.io|*.cststaging-apim.paytmdgt.io|bank-pulse.mypaytm.com|*.bank-pulse.mypaytm.com|ios-ci01.mypaytm.com|*.ios-ci01.mypaytm.com|maquette.internal.ap-south-1.staging.osmose.risk.pai.mypaytm.com|*.maquette.internal.ap-south-1.staging.osmose.risk.pai.mypaytm.com|dbt-internal-dc.paytmbank.com|*.dbt-internal-dc.paytmbank.com|staging-pulse.mypaytm.com|*.staging-pulse.mypaytm.com|dc1vpn.paytmbank.com|*.dc1vpn.paytmbank.com|dr1vpn.paytmbank.com|*.dr1vpn.paytmbank.com"/>
    <property name="java.runtime.version" value="17.0.2+8-86"/>
    <property name="user.name" value="ambesh.kumar"/>
    <property name="path.separator" value=":"/>
    <property name="os.version" value="11.6.1"/>
    <property name="java.runtime.name" value="OpenJDK Runtime Environment"/>
    <property name="file.encoding" value="US-ASCII"/>
    <property name="java.vm.name" value="OpenJDK 64-Bit Server VM"/>
    <property name="localRepository" value="/Users/ambesh.kumar/.m2/repository"/>
    <property name="java.vendor.url.bug" value="https://bugreport.java.com/bugreport/"/>
    <property name="java.io.tmpdir" value="/var/folders/68/pwjj9wwn3lq69b66pnt3j7840000gq/T/"/>
    <property name="idea.version" value="2021.3.1"/>
    <property name="java.version" value="17.0.2"/>
    <property name="user.dir" value="/Users/ambesh.kumar/myWorkDirectory/walletManagement/UserManagement"/>
    <property name="os.arch" value="x86_64"/>
    <property name="java.vm.specification.name" value="Java Virtual Machine Specification"/>
    <property name="native.encoding" value="US-ASCII"/>
    <property name="java.library.path" value="/Users/ambesh.kumar/Library/Java/Extensions:/Library/Java/Extensions:/Network/Library/Java/Extensions:/System/Library/Java/Extensions:/usr/lib/java:."/>
    <property name="java.vm.info" value="mixed mode, sharing"/>
    <property name="java.vendor" value="Oracle Corporation"/>
    <property name="java.vm.version" value="17.0.2+8-86"/>
    <property name="sun.io.unicode.encoding" value="UnicodeBig"/>
    <property name="socksNonProxyHosts" value="paytmbank.net|*.paytmbank.net|103.14.162.34|115.110.141.122|203.122.59.34|203.122.59.38|103.14.161.34|203.122.38.200|paytmpaymentsbank.com|*.paytmpaymentsbank.com|202.143.99.187|125.19.44.94|125.63.68.126|onelogin.paytmbank.com|*.onelogin.paytmbank.com|ds2-hue.paytmbank.com|*.ds2-hue.paytmbank.com|ds2-dehleez.paytmbank.com|*.ds2-dehleez.paytmbank.com|ganges-mumbai-1.paytmlabs.com|*.ganges-mumbai-1.paytmlabs.com|cst-sop.paytmbank.com|*.cst-sop.paytmbank.com|mdr-in.paladion.net|*.mdr-in.paladion.net|cheque-ctsuat.paytmbank.com|*.cheque-ctsuat.paytmbank.com|uatweb.paytm-pb.net|*.uatweb.paytm-pb.net|dcvpn.paytmbank.com|*.dcvpn.paytmbank.com|owa.paytmbank.com|*.owa.paytmbank.com|ds2-hue.paytmlabs.com|*.ds2-hue.paytmlabs.com|192.168.188.59|android-ci01.mypaytm.com|*.android-ci01.mypaytm.com|maquette-sa1-stg.inner-route.com|*.maquette-sa1-stg.inner-route.com|maquette-sa1-prod.inner-route.com|*.maquette-sa1-prod.inner-route.com|local.paytm.com|*.local.paytm.com|local.paytmbank.com|*.local.paytmbank.com|ds2-ambari.paytmbank.com|*.ds2-ambari.paytmbank.com|ds2-resourcemanager.paytmbank.com|*.ds2-resourcemanager.paytmbank.com|ds2-azkaban.paytmbank.com|*.ds2-azkaban.paytmbank.com|ds2-dataset.paytmbank.com|*.ds2-dataset.paytmbank.com|dwh-jenkins.paytmbank.com|*.dwh-jenkins.paytmbank.com|dashboard-ite2.paytmbank.com|*.dashboard-ite2.paytmbank.com|ds2-azkaban-staging.paytmbank.com|*.ds2-azkaban-staging.paytmbank.com|cheque-cts.paytmbank.com|*.cheque-cts.paytmbank.com|203.145.172.180|kyc-kubedashboard-staging.paytmbank.com|*.kyc-kubedashboard-staging.paytmbank.com|bitbucket.org|*.bitbucket.org|dwh-ambari-staging.paytmbank.com|*.dwh-ambari-staging.paytmbank.com|uapworkflow-engine-ite.paytmbank.com|*.uapworkflow-engine-ite.paytmbank.com|maven.fabric.io/public|*.maven.fabric.io/public|midgar.bintray.com/Pai|*.midgar.bintray.com/Pai|internal-kibana-kyc-1354473297.ap-south-1.elb.amazonaws.com|*.internal-kibana-kyc-1354473297.ap-south-1.elb.amazonaws.com|172.24.3.47|bank-super-recon-panel.paytmbank.com|*.bank-super-recon-panel.paytmbank.com|bank-super-recon.paytmbank.com|*.bank-super-recon.paytmbank.com|dashboard-ite.paytmbank.com|*.dashboard-ite.paytmbank.com|vjvpn.paytmbank.com|*.vjvpn.paytmbank.com|kyc-staging-panel.paytmbank.com|*.kyc-staging-panel.paytmbank.com|mudcsmtrp01.paytm-pb.net|*.mudcsmtrp01.paytm-pb.net|ds2-ranger.paytmbank.com|*.ds2-ranger.paytmbank.com|192.168.62.160/DNWebUI/ng.do#|*.192.168.62.160/DNWebUI/ng.do#|lms-ite.paytmbank.com|*.lms-ite.paytmbank.com|ds2-azkaban-dehleez.paytmbank.com|*.ds2-azkaban-dehleez.paytmbank.com|eis-ite2.paytmbank.com|*.eis-ite2.paytmbank.com|product-origin-ite.paytmbank.com|*.product-origin-ite.paytmbank.com|bms-ite.paytmbank.com|*.bms-ite.paytmbank.com|mwdashboard.paytmbank.com|*.mwdashboard.paytmbank.com|upiredash-staging.paytmbank.com|*.upiredash-staging.paytmbank.com|ibmmq-service-ite.paytmbank.com|*.ibmmq-service-ite.paytmbank.com|dakia-ite-origin.paytmbank.com|*.dakia-ite-origin.paytmbank.com|productpref-origin-ite.paytmbank.com|*.productpref-origin-ite.paytmbank.com|eis-ite.paytmbank.com|*.eis-ite.paytmbank.com|deeppurple-ite.paytmbank.com|*.deeppurple-ite.paytmbank.com|secure-origin-preprod.paytmbank.com|*.secure-origin-preprod.paytmbank.com|secure-origin-staging.paytmbank.com|*.secure-origin-staging.paytmbank.com|secure-origin-ite.paytmbank.com|*.secure-origin-ite.paytmbank.com|transactionopsgateway-ite-origin.paytmbank.com|*.transactionopsgateway-ite-origin.paytmbank.com|transactionopsgateway-preprod-origin.paytmbank.com|*.transactionopsgateway-preprod-origin.paytmbank.com|transactionopsgateway-staging-origin.paytmbank.com|*.transactionopsgateway-staging-origin.paytmbank.com|product-preprod.paytmbank.com|*.product-preprod.paytmbank.com|productpref-origin-preprod.paytmbank.com|*.productpref-origin-preprod.paytmbank.com|dakia-preprod.paytmbank.com|*.dakia-preprod.paytmbank.com|dakiascheduler-preprod.paytmbank.com|*.dakiascheduler-preprod.paytmbank.com|veneer-preprod.paytmbank.com|*.veneer-preprod.paytmbank.com|cheque-preprod-origin.paytmbank.com|*.cheque-preprod-origin.paytmbank.com|oauth-origin-preprod.paytmbank.com|*.oauth-origin-preprod.paytmbank.com|otp-otpservice-preprod.paytmbank.com|*.otp-otpservice-preprod.paytmbank.com|challenge-preprod.paytmbank.com|*.challenge-preprod.paytmbank.com|notification-preprod.paytmbank.com|*.notification-preprod.paytmbank.com|ibmmq-service-pt.paytmbank.com|*.ibmmq-service-pt.paytmbank.com|haproxy-ingress.github.io|*.haproxy-ingress.github.io|invest-ite-origin.paytmbank.com|*.invest-ite-origin.paytmbank.com|polynote01.internal.prod-ppbl.osmose.paytmlabs.com|*.polynote01.internal.prod-ppbl.osmose.paytmlabs.com|ml-test-01.internal.prod-ppbl.osmose.paytmlabs.com|*.ml-test-01.internal.prod-ppbl.osmose.paytmlabs.com|gpu01.internal.prod-ppbl.osmose.paytmlabs.com|*.gpu01.internal.prod-ppbl.osmose.paytmlabs.com|maquette.prod-sa1.inner-route.com|*.maquette.prod-sa1.inner-route.com|emr-master01.internal.prod-ppbl.osmose.paytmlabs.com|*.emr-master01.internal.prod-ppbl.osmose.paytmlabs.com|azkaban.internal.prod-ppbl.osmose.paytmlabs.com|*.azkaban.internal.prod-ppbl.osmose.paytmlabs.com|transactionopsgateway-ite.paytmbank.com|*.transactionopsgateway-ite.paytmbank.com|fastag-redash.paytmbank.com|*.fastag-redash.paytmbank.com|deeppurple.paytmbank.com|*.deeppurple.paytmbank.com|aeps-mock-staging.paytmbank.com|*.aeps-mock-staging.paytmbank.com|aeps-switch-staging2.paytmbank.com|*.aeps-switch-staging2.paytmbank.com|aeps-issuer-staging.paytmbank.com|*.aeps-issuer-staging.paytmbank.com|aeps-acquirer-staging.paytmbank.com|*.aeps-acquirer-staging.paytmbank.com|aeps-recon-staging.paytmbank.com|*.aeps-recon-staging.paytmbank.com|202.143.99.177|paytmpb.io|*.paytmpb.io|kyc-dev-panel.paytmbank.com|*.kyc-dev-panel.paytmbank.com|172.60.5.139|maquette-ldap.paytmbank.inner-route.com|*.maquette-ldap.paytmbank.inner-route.com|172.24.33.51|172.60.5.174|172.60.5.187|azkabannode-dataset-prod-1.paytm-pb.net|*.azkabannode-dataset-prod-1.paytm-pb.net|artifactory.mypaytm.com|*.artifactory.mypaytm.com|teams.microsoft.com|*.teams.microsoft.com|1.7.216.195|182.18.155.26|netbanking-internal-dc.paytmbank.com|*.netbanking-internal-dc.paytmbank.com|emr-master02.internal.prod-ppbl.osmose.paytmlabs.com|*.emr-master02.internal.prod-ppbl.osmose.paytmlabs.com|kibana.prod-sa1.osmose.paytmlabs.com|*.kibana.prod-sa1.osmose.paytmlabs.com|maquette-audit.paytmbank.inner-route.com|*.maquette-audit.paytmbank.inner-route.com|shiksha-ite.com|*.shiksha-ite.com|deeppurple-ite.com|*.deeppurple-ite.com|mw-amc.paytmbank.com|*.mw-amc.paytmbank.com|maquette.paytmbank.inner-route.com|*.maquette.paytmbank.inner-route.com|maquette.stg-sa1.inner-route.com|*.maquette.stg-sa1.inner-route.com|maquette-admin.stg-sa1.inner-route.com|*.maquette-admin.stg-sa1.inner-route.com|maquette-admin-ldap.paytmbank.inner-route.com|*.maquette-admin-ldap.paytmbank.inner-route.com|maquette-admin.paytmbank.inner-route.com|*.maquette-admin.paytmbank.inner-route.com|maquette-admin.paytmbank.inner-route.com|*.maquette-admin.paytmbank.inner-route.com|bankapiautomation-ite.paytmbank.com|*.bankapiautomation-ite.paytmbank.com|secure-ite.paytmbank.com|*.secure-ite.paytmbank.com|oauth-preprod-internal.paytmbank.com|*.oauth-preprod-internal.paytmbank.com|oauth-ite.paytmbank.com|*.oauth-ite.paytmbank.com|invest-internal-ite.paytmbank.com|*.invest-internal-ite.paytmbank.com|documents-ite.paytmbank.com|*.documents-ite.paytmbank.com|documents-preprod.paytmbank.com|*.documents-preprod.paytmbank.com|pass-api-ite.paytmbank.com|*.pass-api-ite.paytmbank.com|invest-internal-mwpreprod.paytmbank.com|*.invest-internal-mwpreprod.paytmbank.com|kyc-dev.paytmbank.com|*.kyc-dev.paytmbank.com|goldengate-staging.paytmbank.com|*.goldengate-staging.paytmbank.com|kyc-public-dev.paytmbank.com|*.kyc-public-dev.paytmbank.com|upigateway-staging.paytmbank.com|*.upigateway-staging.paytmbank.com|statement-ite.paytmbank.com|*.statement-ite.paytmbank.com|statement-internal-ite.paytmbank.com|*.statement-internal-ite.paytmbank.com|statement-mwstaging.paytmbank.com|*.statement-mwstaging.paytmbank.com|statement-preprod.paytmbank.com|*.statement-preprod.paytmbank.com|insurance-service-ite.paytmbank.com|*.insurance-service-ite.paytmbank.com|bankfulfillment-internal-ite.paytmbank.com|*.bankfulfillment-internal-ite.paytmbank.com|subscription-backend-mwpreprod.paytmbank.com|*.subscription-backend-mwpreprod.paytmbank.com|subscription-backend-ite.paytmbank.com|*.subscription-backend-ite.paytmbank.com|paytm-pb.net|*.paytm-pb.net|cst-apim.paytmdgt.io|*.cst-apim.paytmdgt.io|cststaging-apim.paytmdgt.io|*.cststaging-apim.paytmdgt.io|bank-pulse.mypaytm.com|*.bank-pulse.mypaytm.com|ios-ci01.mypaytm.com|*.ios-ci01.mypaytm.com|maquette.internal.ap-south-1.staging.osmose.risk.pai.mypaytm.com|*.maquette.internal.ap-south-1.staging.osmose.risk.pai.mypaytm.com|dbt-internal-dc.paytmbank.com|*.dbt-internal-dc.paytmbank.com|staging-pulse.mypaytm.com|*.staging-pulse.mypaytm.com|dc1vpn.paytmbank.com|*.dc1vpn.paytmbank.com|dr1vpn.paytmbank.com|*.dr1vpn.paytmbank.com"/>
    <property name="java.class.version" value="61.0"/>
    <property name="http.proxyPort" value="8080"/>
  </properties>
  <testcase name="getWalletById" classname="com.paytm.mileston2.service.WalletServiceTest" time="0.006"/>
  <testcase name="addMoney" classname="com.paytm.mileston2.service.WalletServiceTest" time="0.004">
    <error message="can&apos;t add money in wallet due to : \nCannot invoke &quot;com.paytm.mileston2.service.UserService.findByMobileNumber(String)&quot; because &quot;this.userService&quot; is null" type="com.paytm.mileston2.exception.BadRequestException">com.paytm.mileston2.exception.BadRequestException: can't add money in wallet due to : \nCannot invoke "com.paytm.mileston2.service.UserService.findByMobileNumber(String)" because "this.userService" is null
	at com.paytm.mileston2.service.WalletServiceTest.addMoney(WalletServiceTest.java:63)
</error>
  </testcase>
  <testcase name="updateWallet" classname="com.paytm.mileston2.service.WalletServiceTest" time="0.005"/>
  <testcase name="deleteWalletById" classname="com.paytm.mileston2.service.WalletServiceTest" time="0.007"/>
  <testcase name="createWallet" classname="com.paytm.mileston2.service.WalletServiceTest" time="0.006">
    <error message="can&apos;t create wallet." type="com.paytm.mileston2.exception.BadRequestException">com.paytm.mileston2.exception.BadRequestException: can't create wallet.
	at com.paytm.mileston2.service.WalletServiceTest.createWallet(WalletServiceTest.java:33)
</error>
    <system-out><![CDATA[03-08-2022 10:48:59 WalletService.java INFO  [main] service.WalletService 52 - wallet can't create 1234567890
]]></system-out>
  </testcase>
</testsuite>