<?xml version="1.0" encoding="UTF-8"?>
<testsuite xmlns:xsi="http://www.w3.org/2001/XMLSchema-instance" xsi:noNamespaceSchemaLocation="https://maven.apache.org/surefire/maven-surefire-plugin/xsd/surefire-test-report.xsd" name="Milestone2.Wallet_Management_Project.controller.TransactionControllerTest" time="60.643" tests="3" errors="0" skipped="0" failures="1">
  <properties>
    <property name="http.proxyHost" value="proxy.paytmbankproxy.net"/>
    <property name="java.specification.version" value="17"/>
    <property name="sun.jnu.encoding" value="UTF-8"/>
    <property name="java.class.path" value="/Users/ambesh.kumar/Documents/project/UserManagement/target/test-classes:/Users/ambesh.kumar/Documents/project/UserManagement/target/classes:/Users/ambesh.kumar/.m2/repository/org/springframework/boot/spring-boot-starter-data-jpa/2.6.2/spring-boot-starter-data-jpa-2.6.2.jar:/Users/ambesh.kumar/.m2/repository/org/springframework/boot/spring-boot-starter-aop/2.6.2/spring-boot-starter-aop-2.6.2.jar:/Users/ambesh.kumar/.m2/repository/org/aspectj/aspectjweaver/1.9.7/aspectjweaver-1.9.7.jar:/Users/ambesh.kumar/.m2/repository/org/springframework/boot/spring-boot-starter-jdbc/2.6.2/spring-boot-starter-jdbc-2.6.2.jar:/Users/ambesh.kumar/.m2/repository/com/zaxxer/HikariCP/4.0.3/HikariCP-4.0.3.jar:/Users/ambesh.kumar/.m2/repository/org/springframework/spring-jdbc/5.3.14/spring-jdbc-5.3.14.jar:/Users/ambesh.kumar/.m2/repository/jakarta/transaction/jakarta.transaction-api/1.3.3/jakarta.transaction-api-1.3.3.jar:/Users/ambesh.kumar/.m2/repository/jakarta/persistence/jakarta.persistence-api/2.2.3/jakarta.persistence-api-2.2.3.jar:/Users/ambesh.kumar/.m2/repository/org/hibernate/hibernate-core/5.6.3.Final/hibernate-core-5.6.3.Final.jar:/Users/ambesh.kumar/.m2/repository/org/jboss/logging/jboss-logging/3.4.2.Final/jboss-logging-3.4.2.Final.jar:/Users/ambesh.kumar/.m2/repository/net/bytebuddy/byte-buddy/1.11.22/byte-buddy-1.11.22.jar:/Users/ambesh.kumar/.m2/repository/antlr/antlr/2.7.7/antlr-2.7.7.jar:/Users/ambesh.kumar/.m2/repository/org/jboss/jandex/2.2.3.Final/jandex-2.2.3.Final.jar:/Users/ambesh.kumar/.m2/repository/com/fasterxml/classmate/1.5.1/classmate-1.5.1.jar:/Users/ambesh.kumar/.m2/repository/org/hibernate/common/hibernate-commons-annotations/5.1.2.Final/hibernate-commons-annotations-5.1.2.Final.jar:/Users/ambesh.kumar/.m2/repository/org/glassfish/jaxb/jaxb-runtime/2.3.5/jaxb-runtime-2.3.5.jar:/Users/ambesh.kumar/.m2/repository/org/glassfish/jaxb/txw2/2.3.5/txw2-2.3.5.jar:/Users/ambesh.kumar/.m2/repository/com/sun/istack/istack-commons-runtime/3.0.12/istack-commons-runtime-3.0.12.jar:/Users/ambesh.kumar/.m2/repository/com/sun/activation/jakarta.activation/1.2.2/jakarta.activation-1.2.2.jar:/Users/ambesh.kumar/.m2/repository/org/springframework/data/spring-data-jpa/2.6.0/spring-data-jpa-2.6.0.jar:/Users/ambesh.kumar/.m2/repository/org/springframework/data/spring-data-commons/2.6.0/spring-data-commons-2.6.0.jar:/Users/ambesh.kumar/.m2/repository/org/springframework/spring-orm/5.3.14/spring-orm-5.3.14.jar:/Users/ambesh.kumar/.m2/repository/org/slf4j/slf4j-api/1.7.32/slf4j-api-1.7.32.jar:/Users/ambesh.kumar/.m2/repository/org/springframework/spring-aspects/5.3.14/spring-aspects-5.3.14.jar:/Users/ambesh.kumar/.m2/repository/org/springframework/boot/spring-boot-starter-security/2.6.2/spring-boot-starter-security-2.6.2.jar:/Users/ambesh.kumar/.m2/repository/org/springframework/boot/spring-boot-starter/2.6.2/spring-boot-starter-2.6.2.jar:/Users/ambesh.kumar/.m2/repository/org/springframework/boot/spring-boot/2.6.2/spring-boot-2.6.2.jar:/Users/ambesh.kumar/.m2/repository/org/springframework/boot/spring-boot-autoconfigure/2.6.2/spring-boot-autoconfigure-2.6.2.jar:/Users/ambesh.kumar/.m2/repository/org/springframework/boot/spring-boot-starter-logging/2.6.2/spring-boot-starter-logging-2.6.2.jar:/Users/ambesh.kumar/.m2/repository/ch/qos/logback/logback-classic/1.2.9/logback-classic-1.2.9.jar:/Users/ambesh.kumar/.m2/repository/ch/qos/logback/logback-core/1.2.9/logback-core-1.2.9.jar:/Users/ambesh.kumar/.m2/repository/org/apache/logging/log4j/log4j-to-slf4j/2.17.0/log4j-to-slf4j-2.17.0.jar:/Users/ambesh.kumar/.m2/repository/org/apache/logging/log4j/log4j-api/2.17.0/log4j-api-2.17.0.jar:/Users/ambesh.kumar/.m2/repository/org/slf4j/jul-to-slf4j/1.7.32/jul-to-slf4j-1.7.32.jar:/Users/ambesh.kumar/.m2/repository/jakarta/annotation/jakarta.annotation-api/1.3.5/jakarta.annotation-api-1.3.5.jar:/Users/ambesh.kumar/.m2/repository/org/yaml/snakeyaml/1.29/snakeyaml-1.29.jar:/Users/ambesh.kumar/.m2/repository/org/springframework/spring-aop/5.3.14/spring-aop-5.3.14.jar:/Users/ambesh.kumar/.m2/repository/org/springframework/security/spring-security-web/5.6.1/spring-security-web-5.6.1.jar:/Users/ambesh.kumar/.m2/repository/org/springframework/spring-expression/5.3.14/spring-expression-5.3.14.jar:/Users/ambesh.kumar/.m2/repository/org/springframework/security/spring-security-config/5.6.1/spring-security-config-5.6.1.jar:/Users/ambesh.kumar/.m2/repository/org/springframework/security/spring-security-core/5.6.1/spring-security-core-5.6.1.jar:/Users/ambesh.kumar/.m2/repository/org/springframework/security/spring-security-crypto/5.6.1/spring-security-crypto-5.6.1.jar:/Users/ambesh.kumar/.m2/repository/org/springframework/spring-beans/5.3.14/spring-beans-5.3.14.jar:/Users/ambesh.kumar/.m2/repository/org/springframework/spring-context/5.3.14/spring-context-5.3.14.jar:/Users/ambesh.kumar/.m2/repository/org/springframework/spring-core/5.3.14/spring-core-5.3.14.jar:/Users/ambesh.kumar/.m2/repository/org/springframework/spring-jcl/5.3.14/spring-jcl-5.3.14.jar:/Users/ambesh.kumar/.m2/repository/org/springframework/boot/spring-boot-starter-web/2.6.2/spring-boot-starter-web-2.6.2.jar:/Users/ambesh.kumar/.m2/repository/org/springframework/boot/spring-boot-starter-json/2.6.2/spring-boot-starter-json-2.6.2.jar:/Users/ambesh.kumar/.m2/repository/com/fasterxml/jackson/datatype/jackson-datatype-jdk8/2.13.1/jackson-datatype-jdk8-2.13.1.jar:/Users/ambesh.kumar/.m2/repository/com/fasterxml/jackson/datatype/jackson-datatype-jsr310/2.13.1/jackson-datatype-jsr310-2.13.1.jar:/Users/ambesh.kumar/.m2/repository/com/fasterxml/jackson/module/jackson-module-parameter-names/2.13.1/jackson-module-parameter-names-2.13.1.jar:/Users/ambesh.kumar/.m2/repository/org/springframework/boot/spring-boot-starter-tomcat/2.6.2/spring-boot-starter-tomcat-2.6.2.jar:/Users/ambesh.kumar/.m2/repository/org/apache/tomcat/embed/tomcat-embed-core/9.0.56/tomcat-embed-core-9.0.56.jar:/Users/ambesh.kumar/.m2/repository/org/apache/tomcat/embed/tomcat-embed-el/9.0.56/tomcat-embed-el-9.0.56.jar:/Users/ambesh.kumar/.m2/repository/org/apache/tomcat/embed/tomcat-embed-websocket/9.0.56/tomcat-embed-websocket-9.0.56.jar:/Users/ambesh.kumar/.m2/repository/org/springframework/spring-web/5.3.14/spring-web-5.3.14.jar:/Users/ambesh.kumar/.m2/repository/org/springframework/spring-webmvc/5.3.14/spring-webmvc-5.3.14.jar:/Users/ambesh.kumar/.m2/repository/org/springframework/kafka/spring-kafka/2.8.1/spring-kafka-2.8.1.jar:/Users/ambesh.kumar/.m2/repository/org/springframework/spring-messaging/5.3.14/spring-messaging-5.3.14.jar:/Users/ambesh.kumar/.m2/repository/org/springframework/spring-tx/5.3.14/spring-tx-5.3.14.jar:/Users/ambesh.kumar/.m2/repository/org/springframework/retry/spring-retry/1.3.1/spring-retry-1.3.1.jar:/Users/ambesh.kumar/.m2/repository/javax/annotation/javax.annotation-api/1.3.2/javax.annotation-api-1.3.2.jar:/Users/ambesh.kumar/.m2/repository/org/apache/kafka/kafka-clients/3.0.0/kafka-clients-3.0.0.jar:/Users/ambesh.kumar/.m2/repository/com/github/luben/zstd-jni/1.5.0-2/zstd-jni-1.5.0-2.jar:/Users/ambesh.kumar/.m2/repository/org/lz4/lz4-java/1.7.1/lz4-java-1.7.1.jar:/Users/ambesh.kumar/.m2/repository/org/xerial/snappy/snappy-java/1.1.8.1/snappy-java-1.1.8.1.jar:/Users/ambesh.kumar/.m2/repository/com/google/code/findbugs/jsr305/3.0.2/jsr305-3.0.2.jar:/Users/ambesh.kumar/.m2/repository/io/jsonwebtoken/jjwt/0.9.0/jjwt-0.9.0.jar:/Users/ambesh.kumar/.m2/repository/com/fasterxml/jackson/core/jackson-databind/2.13.1/jackson-databind-2.13.1.jar:/Users/ambesh.kumar/.m2/repository/com/fasterxml/jackson/core/jackson-annotations/2.13.1/jackson-annotations-2.13.1.jar:/Users/ambesh.kumar/.m2/repository/com/fasterxml/jackson/core/jackson-core/2.13.1/jackson-core-2.13.1.jar:/Users/ambesh.kumar/.m2/repository/javax/xml/bind/jaxb-api/2.3.0/jaxb-api-2.3.0.jar:/Users/ambesh.kumar/.m2/repository/mysql/mysql-connector-java/8.0.27/mysql-connector-java-8.0.27.jar:/Users/ambesh.kumar/.m2/repository/org/projectlombok/lombok/1.18.22/lombok-1.18.22.jar:/Users/ambesh.kumar/.m2/repository/org/springframework/boot/spring-boot-starter-test/2.6.2/spring-boot-starter-test-2.6.2.jar:/Users/ambesh.kumar/.m2/repository/org/springframework/boot/spring-boot-test/2.6.2/spring-boot-test-2.6.2.jar:/Users/ambesh.kumar/.m2/repository/org/springframework/boot/spring-boot-test-autoconfigure/2.6.2/spring-boot-test-autoconfigure-2.6.2.jar:/Users/ambesh.kumar/.m2/repository/com/jayway/jsonpath/json-path/2.6.0/json-path-2.6.0.jar:/Users/ambesh.kumar/.m2/repository/net/minidev/json-smart/2.4.7/json-smart-2.4.7.jar:/Users/ambesh.kumar/.m2/repository/net/minidev/accessors-smart/2.4.7/accessors-smart-2.4.7.jar:/Users/ambesh.kumar/.m2/repository/org/ow2/asm/asm/9.1/asm-9.1.jar:/Users/ambesh.kumar/.m2/repository/jakarta/xml/bind/jakarta.xml.bind-api/2.3.3/jakarta.xml.bind-api-2.3.3.jar:/Users/ambesh.kumar/.m2/repository/jakarta/activation/jakarta.activation-api/1.2.2/jakarta.activation-api-1.2.2.jar:/Users/ambesh.kumar/.m2/repository/org/assertj/assertj-core/3.21.0/assertj-core-3.21.0.jar:/Users/ambesh.kumar/.m2/repository/org/hamcrest/hamcrest/2.2/hamcrest-2.2.jar:/Users/ambesh.kumar/.m2/repository/org/junit/jupiter/junit-jupiter/5.8.2/junit-jupiter-5.8.2.jar:/Users/ambesh.kumar/.m2/repository/org/junit/jupiter/junit-jupiter-api/5.8.2/junit-jupiter-api-5.8.2.jar:/Users/ambesh.kumar/.m2/repository/org/junit/jupiter/junit-jupiter-params/5.8.2/junit-jupiter-params-5.8.2.jar:/Users/ambesh.kumar/.m2/repository/org/junit/jupiter/junit-jupiter-engine/5.8.2/junit-jupiter-engine-5.8.2.jar:/Users/ambesh.kumar/.m2/repository/org/mockito/mockito-core/4.0.0/mockito-core-4.0.0.jar:/Users/ambesh.kumar/.m2/repository/net/bytebuddy/byte-buddy-agent/1.11.22/byte-buddy-agent-1.11.22.jar:/Users/ambesh.kumar/.m2/repository/org/objenesis/objenesis/3.2/objenesis-3.2.jar:/Users/ambesh.kumar/.m2/repository/org/mockito/mockito-junit-jupiter/4.0.0/mockito-junit-jupiter-4.0.0.jar:/Users/ambesh.kumar/.m2/repository/org/skyscreamer/jsonassert/1.5.0/jsonassert-1.5.0.jar:/Users/ambesh.kumar/.m2/repository/com/vaadin/external/google/android-json/0.0.20131108.vaadin1/android-json-0.0.20131108.vaadin1.jar:/Users/ambesh.kumar/.m2/repository/org/springframework/spring-test/5.3.14/spring-test-5.3.14.jar:/Users/ambesh.kumar/.m2/repository/org/xmlunit/xmlunit-core/2.8.4/xmlunit-core-2.8.4.jar:/Users/ambesh.kumar/.m2/repository/org/springframework/security/spring-security-test/5.6.1/spring-security-test-5.6.1.jar:/Users/ambesh.kumar/.m2/repository/junit/junit/4.13.2/junit-4.13.2.jar:/Users/ambesh.kumar/.m2/repository/org/hamcrest/hamcrest-core/2.2/hamcrest-core-2.2.jar:/Users/ambesh.kumar/.m2/repository/org/junit/platform/junit-platform-launcher/1.8.2/junit-platform-launcher-1.8.2.jar:/Users/ambesh.kumar/.m2/repository/org/junit/platform/junit-platform-engine/1.8.2/junit-platform-engine-1.8.2.jar:/Users/ambesh.kumar/.m2/repository/org/opentest4j/opentest4j/1.2.0/opentest4j-1.2.0.jar:/Users/ambesh.kumar/.m2/repository/org/junit/platform/junit-platform-commons/1.8.2/junit-platform-commons-1.8.2.jar:/Users/ambesh.kumar/.m2/repository/org/apiguardian/apiguardian-api/1.1.2/apiguardian-api-1.1.2.jar:/Users/ambesh.kumar/.m2/repository/org/jetbrains/annotations/23.0.0/annotations-23.0.0.jar:"/>
    <property name="https.proxyPort" value="8080"/>
    <property name="java.vm.vendor" value="Oracle Corporation"/>
    <property name="sun.arch.data.model" value="64"/>
    <property name="java.vendor.url" value="https://java.oracle.com/"/>
    <property name="os.name" value="Mac OS X"/>
    <property name="java.vm.specification.version" value="17"/>
    <property name="sun.java.launcher" value="SUN_STANDARD"/>
    <property name="user.country" value="IN"/>
    <property name="sun.boot.library.path" value="/Users/ambesh.kumar/Library/Java/JavaVirtualMachines/openjdk-17.0.2/Contents/Home/lib"/>
    <property name="sun.java.command" value="/Users/ambesh.kumar/Documents/project/UserManagement/target/surefire/surefirebooter10447448514067466713.jar /Users/ambesh.kumar/Documents/project/UserManagement/target/surefire 2022-02-01T19-21-18_842-jvmRun1 surefire12108116215138480635tmp surefire_09047123521304727038tmp"/>
    <property name="http.nonProxyHosts" value="paytmbank.net|*.paytmbank.net|103.14.162.34|115.110.141.122|203.122.59.34|203.122.59.38|103.14.161.34|203.122.38.200|paytmpaymentsbank.com|*.paytmpaymentsbank.com|202.143.99.187|125.19.44.94|125.63.68.126|onelogin.paytmbank.com|*.onelogin.paytmbank.com|ds2-hue.paytmbank.com|*.ds2-hue.paytmbank.com|ds2-dehleez.paytmbank.com|*.ds2-dehleez.paytmbank.com|ganges-mumbai-1.paytmlabs.com|*.ganges-mumbai-1.paytmlabs.com|cst-sop.paytmbank.com|*.cst-sop.paytmbank.com|mdr-in.paladion.net|*.mdr-in.paladion.net|cheque-ctsuat.paytmbank.com|*.cheque-ctsuat.paytmbank.com|uatweb.paytm-pb.net|*.uatweb.paytm-pb.net|dcvpn.paytmbank.com|*.dcvpn.paytmbank.com|owa.paytmbank.com|*.owa.paytmbank.com|ds2-hue.paytmlabs.com|*.ds2-hue.paytmlabs.com|192.168.188.59|android-ci01.mypaytm.com|*.android-ci01.mypaytm.com|maquette-sa1-stg.inner-route.com|*.maquette-sa1-stg.inner-route.com|maquette-sa1-prod.inner-route.com|*.maquette-sa1-prod.inner-route.com|local.paytm.com|*.local.paytm.com|local.paytmbank.com|*.local.paytmbank.com|ds2-ambari.paytmbank.com|*.ds2-ambari.paytmbank.com|ds2-resourcemanager.paytmbank.com|*.ds2-resourcemanager.paytmbank.com|ds2-azkaban.paytmbank.com|*.ds2-azkaban.paytmbank.com|ds2-dataset.paytmbank.com|*.ds2-dataset.paytmbank.com|dwh-jenkins.paytmbank.com|*.dwh-jenkins.paytmbank.com|dashboard-ite2.paytmbank.com|*.dashboard-ite2.paytmbank.com|ds2-azkaban-staging.paytmbank.com|*.ds2-azkaban-staging.paytmbank.com|cheque-cts.paytmbank.com|*.cheque-cts.paytmbank.com|203.145.172.180|kyc-kubedashboard-staging.paytmbank.com|*.kyc-kubedashboard-staging.paytmbank.com|bitbucket.org|*.bitbucket.org|dwh-ambari-staging.paytmbank.com|*.dwh-ambari-staging.paytmbank.com|uapworkflow-engine-ite.paytmbank.com|*.uapworkflow-engine-ite.paytmbank.com|maven.fabric.io/public|*.maven.fabric.io/public|midgar.bintray.com/Pai|*.midgar.bintray.com/Pai|internal-kibana-kyc-1354473297.ap-south-1.elb.amazonaws.com|*.internal-kibana-kyc-1354473297.ap-south-1.elb.amazonaws.com|172.24.3.47|bank-super-recon-panel.paytmbank.com|*.bank-super-recon-panel.paytmbank.com|bank-super-recon.paytmbank.com|*.bank-super-recon.paytmbank.com|dashboard-ite.paytmbank.com|*.dashboard-ite.paytmbank.com|vjvpn.paytmbank.com|*.vjvpn.paytmbank.com|kyc-staging-panel.paytmbank.com|*.kyc-staging-panel.paytmbank.com|mudcsmtrp01.paytm-pb.net|*.mudcsmtrp01.paytm-pb.net|ds2-ranger.paytmbank.com|*.ds2-ranger.paytmbank.com|192.168.62.160/DNWebUI/ng.do#|*.192.168.62.160/DNWebUI/ng.do#|lms-ite.paytmbank.com|*.lms-ite.paytmbank.com|ds2-azkaban-dehleez.paytmbank.com|*.ds2-azkaban-dehleez.paytmbank.com|eis-ite2.paytmbank.com|*.eis-ite2.paytmbank.com|product-origin-ite.paytmbank.com|*.product-origin-ite.paytmbank.com|bms-ite.paytmbank.com|*.bms-ite.paytmbank.com|mwdashboard.paytmbank.com|*.mwdashboard.paytmbank.com|upiredash-staging.paytmbank.com|*.upiredash-staging.paytmbank.com|ibmmq-service-ite.paytmbank.com|*.ibmmq-service-ite.paytmbank.com|dakia-ite-origin.paytmbank.com|*.dakia-ite-origin.paytmbank.com|productpref-origin-ite.paytmbank.com|*.productpref-origin-ite.paytmbank.com|eis-ite.paytmbank.com|*.eis-ite.paytmbank.com|deeppurple-ite.paytmbank.com|*.deeppurple-ite.paytmbank.com|secure-origin-preprod.paytmbank.com|*.secure-origin-preprod.paytmbank.com|secure-origin-staging.paytmbank.com|*.secure-origin-staging.paytmbank.com|secure-origin-ite.paytmbank.com|*.secure-origin-ite.paytmbank.com|transactionopsgateway-ite-origin.paytmbank.com|*.transactionopsgateway-ite-origin.paytmbank.com|transactionopsgateway-preprod-origin.paytmbank.com|*.transactionopsgateway-preprod-origin.paytmbank.com|transactionopsgateway-staging-origin.paytmbank.com|*.transactionopsgateway-staging-origin.paytmbank.com|product-preprod.paytmbank.com|*.product-preprod.paytmbank.com|productpref-origin-preprod.paytmbank.com|*.productpref-origin-preprod.paytmbank.com|dakia-preprod.paytmbank.com|*.dakia-preprod.paytmbank.com|dakiascheduler-preprod.paytmbank.com|*.dakiascheduler-preprod.paytmbank.com|veneer-preprod.paytmbank.com|*.veneer-preprod.paytmbank.com|cheque-preprod-origin.paytmbank.com|*.cheque-preprod-origin.paytmbank.com|oauth-origin-preprod.paytmbank.com|*.oauth-origin-preprod.paytmbank.com|otp-otpservice-preprod.paytmbank.com|*.otp-otpservice-preprod.paytmbank.com|challenge-preprod.paytmbank.com|*.challenge-preprod.paytmbank.com|notification-preprod.paytmbank.com|*.notification-preprod.paytmbank.com|ibmmq-service-pt.paytmbank.com|*.ibmmq-service-pt.paytmbank.com|haproxy-ingress.github.io|*.haproxy-ingress.github.io|invest-ite-origin.paytmbank.com|*.invest-ite-origin.paytmbank.com|polynote01.internal.prod-ppbl.osmose.paytmlabs.com|*.polynote01.internal.prod-ppbl.osmose.paytmlabs.com|ml-test-01.internal.prod-ppbl.osmose.paytmlabs.com|*.ml-test-01.internal.prod-ppbl.osmose.paytmlabs.com|gpu01.internal.prod-ppbl.osmose.paytmlabs.com|*.gpu01.internal.prod-ppbl.osmose.paytmlabs.com|maquette.prod-sa1.inner-route.com|*.maquette.prod-sa1.inner-route.com|emr-master01.internal.prod-ppbl.osmose.paytmlabs.com|*.emr-master01.internal.prod-ppbl.osmose.paytmlabs.com|azkaban.internal.prod-ppbl.osmose.paytmlabs.com|*.azkaban.internal.prod-ppbl.osmose.paytmlabs.com|transactionopsgateway-ite.paytmbank.com|*.transactionopsgateway-ite.paytmbank.com|fastag-redash.paytmbank.com|*.fastag-redash.paytmbank.com|deeppurple.paytmbank.com|*.deeppurple.paytmbank.com|aeps-mock-staging.paytmbank.com|*.aeps-mock-staging.paytmbank.com|aeps-switch-staging2.paytmbank.com|*.aeps-switch-staging2.paytmbank.com|aeps-issuer-staging.paytmbank.com|*.aeps-issuer-staging.paytmbank.com|aeps-acquirer-staging.paytmbank.com|*.aeps-acquirer-staging.paytmbank.com|aeps-recon-staging.paytmbank.com|*.aeps-recon-staging.paytmbank.com|202.143.99.177|paytmpb.io|*.paytmpb.io|kyc-dev-panel.paytmbank.com|*.kyc-dev-panel.paytmbank.com|172.60.5.139|maquette-ldap.paytmbank.inner-route.com|*.maquette-ldap.paytmbank.inner-route.com|172.24.33.51|172.60.5.174|172.60.5.187|azkabannode-dataset-prod-1.paytm-pb.net|*.azkabannode-dataset-prod-1.paytm-pb.net|artifactory.mypaytm.com|*.artifactory.mypaytm.com|teams.microsoft.com|*.teams.microsoft.com|1.7.216.195|182.18.155.26|netbanking-internal-dc.paytmbank.com|*.netbanking-internal-dc.paytmbank.com|emr-master02.internal.prod-ppbl.osmose.paytmlabs.com|*.emr-master02.internal.prod-ppbl.osmose.paytmlabs.com|kibana.prod-sa1.osmose.paytmlabs.com|*.kibana.prod-sa1.osmose.paytmlabs.com|maquette-audit.paytmbank.inner-route.com|*.maquette-audit.paytmbank.inner-route.com|shiksha-ite.com|*.shiksha-ite.com|deeppurple-ite.com|*.deeppurple-ite.com|mw-amc.paytmbank.com|*.mw-amc.paytmbank.com|maquette.paytmbank.inner-route.com|*.maquette.paytmbank.inner-route.com|maquette.stg-sa1.inner-route.com|*.maquette.stg-sa1.inner-route.com|maquette-admin.stg-sa1.inner-route.com|*.maquette-admin.stg-sa1.inner-route.com|maquette-admin-ldap.paytmbank.inner-route.com|*.maquette-admin-ldap.paytmbank.inner-route.com|maquette-admin.paytmbank.inner-route.com|*.maquette-admin.paytmbank.inner-route.com|maquette-admin.paytmbank.inner-route.com|*.maquette-admin.paytmbank.inner-route.com|bankapiautomation-ite.paytmbank.com|*.bankapiautomation-ite.paytmbank.com|secure-ite.paytmbank.com|*.secure-ite.paytmbank.com|oauth-preprod-internal.paytmbank.com|*.oauth-preprod-internal.paytmbank.com|oauth-ite.paytmbank.com|*.oauth-ite.paytmbank.com|invest-internal-ite.paytmbank.com|*.invest-internal-ite.paytmbank.com|documents-ite.paytmbank.com|*.documents-ite.paytmbank.com|documents-preprod.paytmbank.com|*.documents-preprod.paytmbank.com|pass-api-ite.paytmbank.com|*.pass-api-ite.paytmbank.com|invest-internal-mwpreprod.paytmbank.com|*.invest-internal-mwpreprod.paytmbank.com|kyc-dev.paytmbank.com|*.kyc-dev.paytmbank.com|goldengate-staging.paytmbank.com|*.goldengate-staging.paytmbank.com|kyc-public-dev.paytmbank.com|*.kyc-public-dev.paytmbank.com|upigateway-staging.paytmbank.com|*.upigateway-staging.paytmbank.com|statement-ite.paytmbank.com|*.statement-ite.paytmbank.com|statement-internal-ite.paytmbank.com|*.statement-internal-ite.paytmbank.com|statement-mwstaging.paytmbank.com|*.statement-mwstaging.paytmbank.com|statement-preprod.paytmbank.com|*.statement-preprod.paytmbank.com|insurance-service-ite.paytmbank.com|*.insurance-service-ite.paytmbank.com|bankfulfillment-internal-ite.paytmbank.com|*.bankfulfillment-internal-ite.paytmbank.com|subscription-backend-mwpreprod.paytmbank.com|*.subscription-backend-mwpreprod.paytmbank.com|subscription-backend-ite.paytmbank.com|*.subscription-backend-ite.paytmbank.com|paytm-pb.net|*.paytm-pb.net|cst-apim.paytmdgt.io|*.cst-apim.paytmdgt.io|cststaging-apim.paytmdgt.io|*.cststaging-apim.paytmdgt.io|bank-pulse.mypaytm.com|*.bank-pulse.mypaytm.com|ios-ci01.mypaytm.com|*.ios-ci01.mypaytm.com|maquette.internal.ap-south-1.staging.osmose.risk.pai.mypaytm.com|*.maquette.internal.ap-south-1.staging.osmose.risk.pai.mypaytm.com|dbt-internal-dc.paytmbank.com|*.dbt-internal-dc.paytmbank.com|staging-pulse.mypaytm.com|*.staging-pulse.mypaytm.com|dc1vpn.paytmbank.com|*.dc1vpn.paytmbank.com|dr1vpn.paytmbank.com|*.dr1vpn.paytmbank.com"/>
    <property name="jdk.debug" value="release"/>
    <property name="surefire.test.class.path" value="/Users/ambesh.kumar/Documents/project/UserManagement/target/test-classes:/Users/ambesh.kumar/Documents/project/UserManagement/target/classes:/Users/ambesh.kumar/.m2/repository/org/springframework/boot/spring-boot-starter-data-jpa/2.6.2/spring-boot-starter-data-jpa-2.6.2.jar:/Users/ambesh.kumar/.m2/repository/org/springframework/boot/spring-boot-starter-aop/2.6.2/spring-boot-starter-aop-2.6.2.jar:/Users/ambesh.kumar/.m2/repository/org/aspectj/aspectjweaver/1.9.7/aspectjweaver-1.9.7.jar:/Users/ambesh.kumar/.m2/repository/org/springframework/boot/spring-boot-starter-jdbc/2.6.2/spring-boot-starter-jdbc-2.6.2.jar:/Users/ambesh.kumar/.m2/repository/com/zaxxer/HikariCP/4.0.3/HikariCP-4.0.3.jar:/Users/ambesh.kumar/.m2/repository/org/springframework/spring-jdbc/5.3.14/spring-jdbc-5.3.14.jar:/Users/ambesh.kumar/.m2/repository/jakarta/transaction/jakarta.transaction-api/1.3.3/jakarta.transaction-api-1.3.3.jar:/Users/ambesh.kumar/.m2/repository/jakarta/persistence/jakarta.persistence-api/2.2.3/jakarta.persistence-api-2.2.3.jar:/Users/ambesh.kumar/.m2/repository/org/hibernate/hibernate-core/5.6.3.Final/hibernate-core-5.6.3.Final.jar:/Users/ambesh.kumar/.m2/repository/org/jboss/logging/jboss-logging/3.4.2.Final/jboss-logging-3.4.2.Final.jar:/Users/ambesh.kumar/.m2/repository/net/bytebuddy/byte-buddy/1.11.22/byte-buddy-1.11.22.jar:/Users/ambesh.kumar/.m2/repository/antlr/antlr/2.7.7/antlr-2.7.7.jar:/Users/ambesh.kumar/.m2/repository/org/jboss/jandex/2.2.3.Final/jandex-2.2.3.Final.jar:/Users/ambesh.kumar/.m2/repository/com/fasterxml/classmate/1.5.1/classmate-1.5.1.jar:/Users/ambesh.kumar/.m2/repository/org/hibernate/common/hibernate-commons-annotations/5.1.2.Final/hibernate-commons-annotations-5.1.2.Final.jar:/Users/ambesh.kumar/.m2/repository/org/glassfish/jaxb/jaxb-runtime/2.3.5/jaxb-runtime-2.3.5.jar:/Users/ambesh.kumar/.m2/repository/org/glassfish/jaxb/txw2/2.3.5/txw2-2.3.5.jar:/Users/ambesh.kumar/.m2/repository/com/sun/istack/istack-commons-runtime/3.0.12/istack-commons-runtime-3.0.12.jar:/Users/ambesh.kumar/.m2/repository/com/sun/activation/jakarta.activation/1.2.2/jakarta.activation-1.2.2.jar:/Users/ambesh.kumar/.m2/repository/org/springframework/data/spring-data-jpa/2.6.0/spring-data-jpa-2.6.0.jar:/Users/ambesh.kumar/.m2/repository/org/springframework/data/spring-data-commons/2.6.0/spring-data-commons-2.6.0.jar:/Users/ambesh.kumar/.m2/repository/org/springframework/spring-orm/5.3.14/spring-orm-5.3.14.jar:/Users/ambesh.kumar/.m2/repository/org/slf4j/slf4j-api/1.7.32/slf4j-api-1.7.32.jar:/Users/ambesh.kumar/.m2/repository/org/springframework/spring-aspects/5.3.14/spring-aspects-5.3.14.jar:/Users/ambesh.kumar/.m2/repository/org/springframework/boot/spring-boot-starter-security/2.6.2/spring-boot-starter-security-2.6.2.jar:/Users/ambesh.kumar/.m2/repository/org/springframework/boot/spring-boot-starter/2.6.2/spring-boot-starter-2.6.2.jar:/Users/ambesh.kumar/.m2/repository/org/springframework/boot/spring-boot/2.6.2/spring-boot-2.6.2.jar:/Users/ambesh.kumar/.m2/repository/org/springframework/boot/spring-boot-autoconfigure/2.6.2/spring-boot-autoconfigure-2.6.2.jar:/Users/ambesh.kumar/.m2/repository/org/springframework/boot/spring-boot-starter-logging/2.6.2/spring-boot-starter-logging-2.6.2.jar:/Users/ambesh.kumar/.m2/repository/ch/qos/logback/logback-classic/1.2.9/logback-classic-1.2.9.jar:/Users/ambesh.kumar/.m2/repository/ch/qos/logback/logback-core/1.2.9/logback-core-1.2.9.jar:/Users/ambesh.kumar/.m2/repository/org/apache/logging/log4j/log4j-to-slf4j/2.17.0/log4j-to-slf4j-2.17.0.jar:/Users/ambesh.kumar/.m2/repository/org/apache/logging/log4j/log4j-api/2.17.0/log4j-api-2.17.0.jar:/Users/ambesh.kumar/.m2/repository/org/slf4j/jul-to-slf4j/1.7.32/jul-to-slf4j-1.7.32.jar:/Users/ambesh.kumar/.m2/repository/jakarta/annotation/jakarta.annotation-api/1.3.5/jakarta.annotation-api-1.3.5.jar:/Users/ambesh.kumar/.m2/repository/org/yaml/snakeyaml/1.29/snakeyaml-1.29.jar:/Users/ambesh.kumar/.m2/repository/org/springframework/spring-aop/5.3.14/spring-aop-5.3.14.jar:/Users/ambesh.kumar/.m2/repository/org/springframework/security/spring-security-web/5.6.1/spring-security-web-5.6.1.jar:/Users/ambesh.kumar/.m2/repository/org/springframework/spring-expression/5.3.14/spring-expression-5.3.14.jar:/Users/ambesh.kumar/.m2/repository/org/springframework/security/spring-security-config/5.6.1/spring-security-config-5.6.1.jar:/Users/ambesh.kumar/.m2/repository/org/springframework/security/spring-security-core/5.6.1/spring-security-core-5.6.1.jar:/Users/ambesh.kumar/.m2/repository/org/springframework/security/spring-security-crypto/5.6.1/spring-security-crypto-5.6.1.jar:/Users/ambesh.kumar/.m2/repository/org/springframework/spring-beans/5.3.14/spring-beans-5.3.14.jar:/Users/ambesh.kumar/.m2/repository/org/springframework/spring-context/5.3.14/spring-context-5.3.14.jar:/Users/ambesh.kumar/.m2/repository/org/springframework/spring-core/5.3.14/spring-core-5.3.14.jar:/Users/ambesh.kumar/.m2/repository/org/springframework/spring-jcl/5.3.14/spring-jcl-5.3.14.jar:/Users/ambesh.kumar/.m2/repository/org/springframework/boot/spring-boot-starter-web/2.6.2/spring-boot-starter-web-2.6.2.jar:/Users/ambesh.kumar/.m2/repository/org/springframework/boot/spring-boot-starter-json/2.6.2/spring-boot-starter-json-2.6.2.jar:/Users/ambesh.kumar/.m2/repository/com/fasterxml/jackson/datatype/jackson-datatype-jdk8/2.13.1/jackson-datatype-jdk8-2.13.1.jar:/Users/ambesh.kumar/.m2/repository/com/fasterxml/jackson/datatype/jackson-datatype-jsr310/2.13.1/jackson-datatype-jsr310-2.13.1.jar:/Users/ambesh.kumar/.m2/repository/com/fasterxml/jackson/module/jackson-module-parameter-names/2.13.1/jackson-module-parameter-names-2.13.1.jar:/Users/ambesh.kumar/.m2/repository/org/springframework/boot/spring-boot-starter-tomcat/2.6.2/spring-boot-starter-tomcat-2.6.2.jar:/Users/ambesh.kumar/.m2/repository/org/apache/tomcat/embed/tomcat-embed-core/9.0.56/tomcat-embed-core-9.0.56.jar:/Users/ambesh.kumar/.m2/repository/org/apache/tomcat/embed/tomcat-embed-el/9.0.56/tomcat-embed-el-9.0.56.jar:/Users/ambesh.kumar/.m2/repository/org/apache/tomcat/embed/tomcat-embed-websocket/9.0.56/tomcat-embed-websocket-9.0.56.jar:/Users/ambesh.kumar/.m2/repository/org/springframework/spring-web/5.3.14/spring-web-5.3.14.jar:/Users/ambesh.kumar/.m2/repository/org/springframework/spring-webmvc/5.3.14/spring-webmvc-5.3.14.jar:/Users/ambesh.kumar/.m2/repository/org/springframework/kafka/spring-kafka/2.8.1/spring-kafka-2.8.1.jar:/Users/ambesh.kumar/.m2/repository/org/springframework/spring-messaging/5.3.14/spring-messaging-5.3.14.jar:/Users/ambesh.kumar/.m2/repository/org/springframework/spring-tx/5.3.14/spring-tx-5.3.14.jar:/Users/ambesh.kumar/.m2/repository/org/springframework/retry/spring-retry/1.3.1/spring-retry-1.3.1.jar:/Users/ambesh.kumar/.m2/repository/javax/annotation/javax.annotation-api/1.3.2/javax.annotation-api-1.3.2.jar:/Users/ambesh.kumar/.m2/repository/org/apache/kafka/kafka-clients/3.0.0/kafka-clients-3.0.0.jar:/Users/ambesh.kumar/.m2/repository/com/github/luben/zstd-jni/1.5.0-2/zstd-jni-1.5.0-2.jar:/Users/ambesh.kumar/.m2/repository/org/lz4/lz4-java/1.7.1/lz4-java-1.7.1.jar:/Users/ambesh.kumar/.m2/repository/org/xerial/snappy/snappy-java/1.1.8.1/snappy-java-1.1.8.1.jar:/Users/ambesh.kumar/.m2/repository/com/google/code/findbugs/jsr305/3.0.2/jsr305-3.0.2.jar:/Users/ambesh.kumar/.m2/repository/io/jsonwebtoken/jjwt/0.9.0/jjwt-0.9.0.jar:/Users/ambesh.kumar/.m2/repository/com/fasterxml/jackson/core/jackson-databind/2.13.1/jackson-databind-2.13.1.jar:/Users/ambesh.kumar/.m2/repository/com/fasterxml/jackson/core/jackson-annotations/2.13.1/jackson-annotations-2.13.1.jar:/Users/ambesh.kumar/.m2/repository/com/fasterxml/jackson/core/jackson-core/2.13.1/jackson-core-2.13.1.jar:/Users/ambesh.kumar/.m2/repository/javax/xml/bind/jaxb-api/2.3.0/jaxb-api-2.3.0.jar:/Users/ambesh.kumar/.m2/repository/mysql/mysql-connector-java/8.0.27/mysql-connector-java-8.0.27.jar:/Users/ambesh.kumar/.m2/repository/org/projectlombok/lombok/1.18.22/lombok-1.18.22.jar:/Users/ambesh.kumar/.m2/repository/org/springframework/boot/spring-boot-starter-test/2.6.2/spring-boot-starter-test-2.6.2.jar:/Users/ambesh.kumar/.m2/repository/org/springframework/boot/spring-boot-test/2.6.2/spring-boot-test-2.6.2.jar:/Users/ambesh.kumar/.m2/repository/org/springframework/boot/spring-boot-test-autoconfigure/2.6.2/spring-boot-test-autoconfigure-2.6.2.jar:/Users/ambesh.kumar/.m2/repository/com/jayway/jsonpath/json-path/2.6.0/json-path-2.6.0.jar:/Users/ambesh.kumar/.m2/repository/net/minidev/json-smart/2.4.7/json-smart-2.4.7.jar:/Users/ambesh.kumar/.m2/repository/net/minidev/accessors-smart/2.4.7/accessors-smart-2.4.7.jar:/Users/ambesh.kumar/.m2/repository/org/ow2/asm/asm/9.1/asm-9.1.jar:/Users/ambesh.kumar/.m2/repository/jakarta/xml/bind/jakarta.xml.bind-api/2.3.3/jakarta.xml.bind-api-2.3.3.jar:/Users/ambesh.kumar/.m2/repository/jakarta/activation/jakarta.activation-api/1.2.2/jakarta.activation-api-1.2.2.jar:/Users/ambesh.kumar/.m2/repository/org/assertj/assertj-core/3.21.0/assertj-core-3.21.0.jar:/Users/ambesh.kumar/.m2/repository/org/hamcrest/hamcrest/2.2/hamcrest-2.2.jar:/Users/ambesh.kumar/.m2/repository/org/junit/jupiter/junit-jupiter/5.8.2/junit-jupiter-5.8.2.jar:/Users/ambesh.kumar/.m2/repository/org/junit/jupiter/junit-jupiter-api/5.8.2/junit-jupiter-api-5.8.2.jar:/Users/ambesh.kumar/.m2/repository/org/junit/jupiter/junit-jupiter-params/5.8.2/junit-jupiter-params-5.8.2.jar:/Users/ambesh.kumar/.m2/repository/org/junit/jupiter/junit-jupiter-engine/5.8.2/junit-jupiter-engine-5.8.2.jar:/Users/ambesh.kumar/.m2/repository/org/mockito/mockito-core/4.0.0/mockito-core-4.0.0.jar:/Users/ambesh.kumar/.m2/repository/net/bytebuddy/byte-buddy-agent/1.11.22/byte-buddy-agent-1.11.22.jar:/Users/ambesh.kumar/.m2/repository/org/objenesis/objenesis/3.2/objenesis-3.2.jar:/Users/ambesh.kumar/.m2/repository/org/mockito/mockito-junit-jupiter/4.0.0/mockito-junit-jupiter-4.0.0.jar:/Users/ambesh.kumar/.m2/repository/org/skyscreamer/jsonassert/1.5.0/jsonassert-1.5.0.jar:/Users/ambesh.kumar/.m2/repository/com/vaadin/external/google/android-json/0.0.20131108.vaadin1/android-json-0.0.20131108.vaadin1.jar:/Users/ambesh.kumar/.m2/repository/org/springframework/spring-test/5.3.14/spring-test-5.3.14.jar:/Users/ambesh.kumar/.m2/repository/org/xmlunit/xmlunit-core/2.8.4/xmlunit-core-2.8.4.jar:/Users/ambesh.kumar/.m2/repository/org/springframework/security/spring-security-test/5.6.1/spring-security-test-5.6.1.jar:/Users/ambesh.kumar/.m2/repository/junit/junit/4.13.2/junit-4.13.2.jar:/Users/ambesh.kumar/.m2/repository/org/hamcrest/hamcrest-core/2.2/hamcrest-core-2.2.jar:/Users/ambesh.kumar/.m2/repository/org/junit/platform/junit-platform-launcher/1.8.2/junit-platform-launcher-1.8.2.jar:/Users/ambesh.kumar/.m2/repository/org/junit/platform/junit-platform-engine/1.8.2/junit-platform-engine-1.8.2.jar:/Users/ambesh.kumar/.m2/repository/org/opentest4j/opentest4j/1.2.0/opentest4j-1.2.0.jar:/Users/ambesh.kumar/.m2/repository/org/junit/platform/junit-platform-commons/1.8.2/junit-platform-commons-1.8.2.jar:/Users/ambesh.kumar/.m2/repository/org/apiguardian/apiguardian-api/1.1.2/apiguardian-api-1.1.2.jar:/Users/ambesh.kumar/.m2/repository/org/jetbrains/annotations/23.0.0/annotations-23.0.0.jar:"/>
    <property name="sun.cpu.endian" value="little"/>
    <property name="user.home" value="/Users/ambesh.kumar"/>
    <property name="user.language" value="en"/>
    <property name="java.specification.vendor" value="Oracle Corporation"/>
    <property name="java.version.date" value="2022-01-18"/>
    <property name="java.home" value="/Users/ambesh.kumar/Library/Java/JavaVirtualMachines/openjdk-17.0.2/Contents/Home"/>
    <property name="file.separator" value="/"/>
    <property name="https.proxyHost" value="proxy.paytmbankproxy.net"/>
    <property name="basedir" value="/Users/ambesh.kumar/Documents/project/UserManagement"/>
    <property name="java.vm.compressedOopsMode" value="Zero based"/>
    <property name="line.separator" value="&#10;"/>
    <property name="java.vm.specification.vendor" value="Oracle Corporation"/>
    <property name="java.specification.name" value="Java Platform API Specification"/>
    <property name="surefire.real.class.path" value="/Users/ambesh.kumar/Documents/project/UserManagement/target/surefire/surefirebooter10447448514067466713.jar"/>
    <property name="sun.management.compiler" value="HotSpot 64-Bit Tiered Compilers"/>
    <property name="ftp.nonProxyHosts" value="paytmbank.net|*.paytmbank.net|103.14.162.34|115.110.141.122|203.122.59.34|203.122.59.38|103.14.161.34|203.122.38.200|paytmpaymentsbank.com|*.paytmpaymentsbank.com|202.143.99.187|125.19.44.94|125.63.68.126|onelogin.paytmbank.com|*.onelogin.paytmbank.com|ds2-hue.paytmbank.com|*.ds2-hue.paytmbank.com|ds2-dehleez.paytmbank.com|*.ds2-dehleez.paytmbank.com|ganges-mumbai-1.paytmlabs.com|*.ganges-mumbai-1.paytmlabs.com|cst-sop.paytmbank.com|*.cst-sop.paytmbank.com|mdr-in.paladion.net|*.mdr-in.paladion.net|cheque-ctsuat.paytmbank.com|*.cheque-ctsuat.paytmbank.com|uatweb.paytm-pb.net|*.uatweb.paytm-pb.net|dcvpn.paytmbank.com|*.dcvpn.paytmbank.com|owa.paytmbank.com|*.owa.paytmbank.com|ds2-hue.paytmlabs.com|*.ds2-hue.paytmlabs.com|192.168.188.59|android-ci01.mypaytm.com|*.android-ci01.mypaytm.com|maquette-sa1-stg.inner-route.com|*.maquette-sa1-stg.inner-route.com|maquette-sa1-prod.inner-route.com|*.maquette-sa1-prod.inner-route.com|local.paytm.com|*.local.paytm.com|local.paytmbank.com|*.local.paytmbank.com|ds2-ambari.paytmbank.com|*.ds2-ambari.paytmbank.com|ds2-resourcemanager.paytmbank.com|*.ds2-resourcemanager.paytmbank.com|ds2-azkaban.paytmbank.com|*.ds2-azkaban.paytmbank.com|ds2-dataset.paytmbank.com|*.ds2-dataset.paytmbank.com|dwh-jenkins.paytmbank.com|*.dwh-jenkins.paytmbank.com|dashboard-ite2.paytmbank.com|*.dashboard-ite2.paytmbank.com|ds2-azkaban-staging.paytmbank.com|*.ds2-azkaban-staging.paytmbank.com|cheque-cts.paytmbank.com|*.cheque-cts.paytmbank.com|203.145.172.180|kyc-kubedashboard-staging.paytmbank.com|*.kyc-kubedashboard-staging.paytmbank.com|bitbucket.org|*.bitbucket.org|dwh-ambari-staging.paytmbank.com|*.dwh-ambari-staging.paytmbank.com|uapworkflow-engine-ite.paytmbank.com|*.uapworkflow-engine-ite.paytmbank.com|maven.fabric.io/public|*.maven.fabric.io/public|midgar.bintray.com/Pai|*.midgar.bintray.com/Pai|internal-kibana-kyc-1354473297.ap-south-1.elb.amazonaws.com|*.internal-kibana-kyc-1354473297.ap-south-1.elb.amazonaws.com|172.24.3.47|bank-super-recon-panel.paytmbank.com|*.bank-super-recon-panel.paytmbank.com|bank-super-recon.paytmbank.com|*.bank-super-recon.paytmbank.com|dashboard-ite.paytmbank.com|*.dashboard-ite.paytmbank.com|vjvpn.paytmbank.com|*.vjvpn.paytmbank.com|kyc-staging-panel.paytmbank.com|*.kyc-staging-panel.paytmbank.com|mudcsmtrp01.paytm-pb.net|*.mudcsmtrp01.paytm-pb.net|ds2-ranger.paytmbank.com|*.ds2-ranger.paytmbank.com|192.168.62.160/DNWebUI/ng.do#|*.192.168.62.160/DNWebUI/ng.do#|lms-ite.paytmbank.com|*.lms-ite.paytmbank.com|ds2-azkaban-dehleez.paytmbank.com|*.ds2-azkaban-dehleez.paytmbank.com|eis-ite2.paytmbank.com|*.eis-ite2.paytmbank.com|product-origin-ite.paytmbank.com|*.product-origin-ite.paytmbank.com|bms-ite.paytmbank.com|*.bms-ite.paytmbank.com|mwdashboard.paytmbank.com|*.mwdashboard.paytmbank.com|upiredash-staging.paytmbank.com|*.upiredash-staging.paytmbank.com|ibmmq-service-ite.paytmbank.com|*.ibmmq-service-ite.paytmbank.com|dakia-ite-origin.paytmbank.com|*.dakia-ite-origin.paytmbank.com|productpref-origin-ite.paytmbank.com|*.productpref-origin-ite.paytmbank.com|eis-ite.paytmbank.com|*.eis-ite.paytmbank.com|deeppurple-ite.paytmbank.com|*.deeppurple-ite.paytmbank.com|secure-origin-preprod.paytmbank.com|*.secure-origin-preprod.paytmbank.com|secure-origin-staging.paytmbank.com|*.secure-origin-staging.paytmbank.com|secure-origin-ite.paytmbank.com|*.secure-origin-ite.paytmbank.com|transactionopsgateway-ite-origin.paytmbank.com|*.transactionopsgateway-ite-origin.paytmbank.com|transactionopsgateway-preprod-origin.paytmbank.com|*.transactionopsgateway-preprod-origin.paytmbank.com|transactionopsgateway-staging-origin.paytmbank.com|*.transactionopsgateway-staging-origin.paytmbank.com|product-preprod.paytmbank.com|*.product-preprod.paytmbank.com|productpref-origin-preprod.paytmbank.com|*.productpref-origin-preprod.paytmbank.com|dakia-preprod.paytmbank.com|*.dakia-preprod.paytmbank.com|dakiascheduler-preprod.paytmbank.com|*.dakiascheduler-preprod.paytmbank.com|veneer-preprod.paytmbank.com|*.veneer-preprod.paytmbank.com|cheque-preprod-origin.paytmbank.com|*.cheque-preprod-origin.paytmbank.com|oauth-origin-preprod.paytmbank.com|*.oauth-origin-preprod.paytmbank.com|otp-otpservice-preprod.paytmbank.com|*.otp-otpservice-preprod.paytmbank.com|challenge-preprod.paytmbank.com|*.challenge-preprod.paytmbank.com|notification-preprod.paytmbank.com|*.notification-preprod.paytmbank.com|ibmmq-service-pt.paytmbank.com|*.ibmmq-service-pt.paytmbank.com|haproxy-ingress.github.io|*.haproxy-ingress.github.io|invest-ite-origin.paytmbank.com|*.invest-ite-origin.paytmbank.com|polynote01.internal.prod-ppbl.osmose.paytmlabs.com|*.polynote01.internal.prod-ppbl.osmose.paytmlabs.com|ml-test-01.internal.prod-ppbl.osmose.paytmlabs.com|*.ml-test-01.internal.prod-ppbl.osmose.paytmlabs.com|gpu01.internal.prod-ppbl.osmose.paytmlabs.com|*.gpu01.internal.prod-ppbl.osmose.paytmlabs.com|maquette.prod-sa1.inner-route.com|*.maquette.prod-sa1.inner-route.com|emr-master01.internal.prod-ppbl.osmose.paytmlabs.com|*.emr-master01.internal.prod-ppbl.osmose.paytmlabs.com|azkaban.internal.prod-ppbl.osmose.paytmlabs.com|*.azkaban.internal.prod-ppbl.osmose.paytmlabs.com|transactionopsgateway-ite.paytmbank.com|*.transactionopsgateway-ite.paytmbank.com|fastag-redash.paytmbank.com|*.fastag-redash.paytmbank.com|deeppurple.paytmbank.com|*.deeppurple.paytmbank.com|aeps-mock-staging.paytmbank.com|*.aeps-mock-staging.paytmbank.com|aeps-switch-staging2.paytmbank.com|*.aeps-switch-staging2.paytmbank.com|aeps-issuer-staging.paytmbank.com|*.aeps-issuer-staging.paytmbank.com|aeps-acquirer-staging.paytmbank.com|*.aeps-acquirer-staging.paytmbank.com|aeps-recon-staging.paytmbank.com|*.aeps-recon-staging.paytmbank.com|202.143.99.177|paytmpb.io|*.paytmpb.io|kyc-dev-panel.paytmbank.com|*.kyc-dev-panel.paytmbank.com|172.60.5.139|maquette-ldap.paytmbank.inner-route.com|*.maquette-ldap.paytmbank.inner-route.com|172.24.33.51|172.60.5.174|172.60.5.187|azkabannode-dataset-prod-1.paytm-pb.net|*.azkabannode-dataset-prod-1.paytm-pb.net|artifactory.mypaytm.com|*.artifactory.mypaytm.com|teams.microsoft.com|*.teams.microsoft.com|1.7.216.195|182.18.155.26|netbanking-internal-dc.paytmbank.com|*.netbanking-internal-dc.paytmbank.com|emr-master02.internal.prod-ppbl.osmose.paytmlabs.com|*.emr-master02.internal.prod-ppbl.osmose.paytmlabs.com|kibana.prod-sa1.osmose.paytmlabs.com|*.kibana.prod-sa1.osmose.paytmlabs.com|maquette-audit.paytmbank.inner-route.com|*.maquette-audit.paytmbank.inner-route.com|shiksha-ite.com|*.shiksha-ite.com|deeppurple-ite.com|*.deeppurple-ite.com|mw-amc.paytmbank.com|*.mw-amc.paytmbank.com|maquette.paytmbank.inner-route.com|*.maquette.paytmbank.inner-route.com|maquette.stg-sa1.inner-route.com|*.maquette.stg-sa1.inner-route.com|maquette-admin.stg-sa1.inner-route.com|*.maquette-admin.stg-sa1.inner-route.com|maquette-admin-ldap.paytmbank.inner-route.com|*.maquette-admin-ldap.paytmbank.inner-route.com|maquette-admin.paytmbank.inner-route.com|*.maquette-admin.paytmbank.inner-route.com|maquette-admin.paytmbank.inner-route.com|*.maquette-admin.paytmbank.inner-route.com|bankapiautomation-ite.paytmbank.com|*.bankapiautomation-ite.paytmbank.com|secure-ite.paytmbank.com|*.secure-ite.paytmbank.com|oauth-preprod-internal.paytmbank.com|*.oauth-preprod-internal.paytmbank.com|oauth-ite.paytmbank.com|*.oauth-ite.paytmbank.com|invest-internal-ite.paytmbank.com|*.invest-internal-ite.paytmbank.com|documents-ite.paytmbank.com|*.documents-ite.paytmbank.com|documents-preprod.paytmbank.com|*.documents-preprod.paytmbank.com|pass-api-ite.paytmbank.com|*.pass-api-ite.paytmbank.com|invest-internal-mwpreprod.paytmbank.com|*.invest-internal-mwpreprod.paytmbank.com|kyc-dev.paytmbank.com|*.kyc-dev.paytmbank.com|goldengate-staging.paytmbank.com|*.goldengate-staging.paytmbank.com|kyc-public-dev.paytmbank.com|*.kyc-public-dev.paytmbank.com|upigateway-staging.paytmbank.com|*.upigateway-staging.paytmbank.com|statement-ite.paytmbank.com|*.statement-ite.paytmbank.com|statement-internal-ite.paytmbank.com|*.statement-internal-ite.paytmbank.com|statement-mwstaging.paytmbank.com|*.statement-mwstaging.paytmbank.com|statement-preprod.paytmbank.com|*.statement-preprod.paytmbank.com|insurance-service-ite.paytmbank.com|*.insurance-service-ite.paytmbank.com|bankfulfillment-internal-ite.paytmbank.com|*.bankfulfillment-internal-ite.paytmbank.com|subscription-backend-mwpreprod.paytmbank.com|*.subscription-backend-mwpreprod.paytmbank.com|subscription-backend-ite.paytmbank.com|*.subscription-backend-ite.paytmbank.com|paytm-pb.net|*.paytm-pb.net|cst-apim.paytmdgt.io|*.cst-apim.paytmdgt.io|cststaging-apim.paytmdgt.io|*.cststaging-apim.paytmdgt.io|bank-pulse.mypaytm.com|*.bank-pulse.mypaytm.com|ios-ci01.mypaytm.com|*.ios-ci01.mypaytm.com|maquette.internal.ap-south-1.staging.osmose.risk.pai.mypaytm.com|*.maquette.internal.ap-south-1.staging.osmose.risk.pai.mypaytm.com|dbt-internal-dc.paytmbank.com|*.dbt-internal-dc.paytmbank.com|staging-pulse.mypaytm.com|*.staging-pulse.mypaytm.com|dc1vpn.paytmbank.com|*.dc1vpn.paytmbank.com|dr1vpn.paytmbank.com|*.dr1vpn.paytmbank.com"/>
    <property name="java.runtime.version" value="17.0.2+8-86"/>
    <property name="user.name" value="ambesh.kumar"/>
    <property name="path.separator" value=":"/>
    <property name="os.version" value="11.6.1"/>
    <property name="java.runtime.name" value="OpenJDK Runtime Environment"/>
    <property name="file.encoding" value="US-ASCII"/>
    <property name="java.vm.name" value="OpenJDK 64-Bit Server VM"/>
    <property name="localRepository" value="/Users/ambesh.kumar/.m2/repository"/>
    <property name="java.vendor.url.bug" value="https://bugreport.java.com/bugreport/"/>
    <property name="java.io.tmpdir" value="/var/folders/68/pwjj9wwn3lq69b66pnt3j7840000gq/T/"/>
    <property name="idea.version" value="2021.3.1"/>
    <property name="java.version" value="17.0.2"/>
    <property name="user.dir" value="/Users/ambesh.kumar/Documents/project/UserManagement"/>
    <property name="os.arch" value="x86_64"/>
    <property name="java.vm.specification.name" value="Java Virtual Machine Specification"/>
    <property name="native.encoding" value="US-ASCII"/>
    <property name="java.library.path" value="/Users/ambesh.kumar/Library/Java/Extensions:/Library/Java/Extensions:/Network/Library/Java/Extensions:/System/Library/Java/Extensions:/usr/lib/java:."/>
    <property name="java.vm.info" value="mixed mode, sharing"/>
    <property name="java.vendor" value="Oracle Corporation"/>
    <property name="java.vm.version" value="17.0.2+8-86"/>
    <property name="sun.io.unicode.encoding" value="UnicodeBig"/>
    <property name="socksNonProxyHosts" value="paytmbank.net|*.paytmbank.net|103.14.162.34|115.110.141.122|203.122.59.34|203.122.59.38|103.14.161.34|203.122.38.200|paytmpaymentsbank.com|*.paytmpaymentsbank.com|202.143.99.187|125.19.44.94|125.63.68.126|onelogin.paytmbank.com|*.onelogin.paytmbank.com|ds2-hue.paytmbank.com|*.ds2-hue.paytmbank.com|ds2-dehleez.paytmbank.com|*.ds2-dehleez.paytmbank.com|ganges-mumbai-1.paytmlabs.com|*.ganges-mumbai-1.paytmlabs.com|cst-sop.paytmbank.com|*.cst-sop.paytmbank.com|mdr-in.paladion.net|*.mdr-in.paladion.net|cheque-ctsuat.paytmbank.com|*.cheque-ctsuat.paytmbank.com|uatweb.paytm-pb.net|*.uatweb.paytm-pb.net|dcvpn.paytmbank.com|*.dcvpn.paytmbank.com|owa.paytmbank.com|*.owa.paytmbank.com|ds2-hue.paytmlabs.com|*.ds2-hue.paytmlabs.com|192.168.188.59|android-ci01.mypaytm.com|*.android-ci01.mypaytm.com|maquette-sa1-stg.inner-route.com|*.maquette-sa1-stg.inner-route.com|maquette-sa1-prod.inner-route.com|*.maquette-sa1-prod.inner-route.com|local.paytm.com|*.local.paytm.com|local.paytmbank.com|*.local.paytmbank.com|ds2-ambari.paytmbank.com|*.ds2-ambari.paytmbank.com|ds2-resourcemanager.paytmbank.com|*.ds2-resourcemanager.paytmbank.com|ds2-azkaban.paytmbank.com|*.ds2-azkaban.paytmbank.com|ds2-dataset.paytmbank.com|*.ds2-dataset.paytmbank.com|dwh-jenkins.paytmbank.com|*.dwh-jenkins.paytmbank.com|dashboard-ite2.paytmbank.com|*.dashboard-ite2.paytmbank.com|ds2-azkaban-staging.paytmbank.com|*.ds2-azkaban-staging.paytmbank.com|cheque-cts.paytmbank.com|*.cheque-cts.paytmbank.com|203.145.172.180|kyc-kubedashboard-staging.paytmbank.com|*.kyc-kubedashboard-staging.paytmbank.com|bitbucket.org|*.bitbucket.org|dwh-ambari-staging.paytmbank.com|*.dwh-ambari-staging.paytmbank.com|uapworkflow-engine-ite.paytmbank.com|*.uapworkflow-engine-ite.paytmbank.com|maven.fabric.io/public|*.maven.fabric.io/public|midgar.bintray.com/Pai|*.midgar.bintray.com/Pai|internal-kibana-kyc-1354473297.ap-south-1.elb.amazonaws.com|*.internal-kibana-kyc-1354473297.ap-south-1.elb.amazonaws.com|172.24.3.47|bank-super-recon-panel.paytmbank.com|*.bank-super-recon-panel.paytmbank.com|bank-super-recon.paytmbank.com|*.bank-super-recon.paytmbank.com|dashboard-ite.paytmbank.com|*.dashboard-ite.paytmbank.com|vjvpn.paytmbank.com|*.vjvpn.paytmbank.com|kyc-staging-panel.paytmbank.com|*.kyc-staging-panel.paytmbank.com|mudcsmtrp01.paytm-pb.net|*.mudcsmtrp01.paytm-pb.net|ds2-ranger.paytmbank.com|*.ds2-ranger.paytmbank.com|192.168.62.160/DNWebUI/ng.do#|*.192.168.62.160/DNWebUI/ng.do#|lms-ite.paytmbank.com|*.lms-ite.paytmbank.com|ds2-azkaban-dehleez.paytmbank.com|*.ds2-azkaban-dehleez.paytmbank.com|eis-ite2.paytmbank.com|*.eis-ite2.paytmbank.com|product-origin-ite.paytmbank.com|*.product-origin-ite.paytmbank.com|bms-ite.paytmbank.com|*.bms-ite.paytmbank.com|mwdashboard.paytmbank.com|*.mwdashboard.paytmbank.com|upiredash-staging.paytmbank.com|*.upiredash-staging.paytmbank.com|ibmmq-service-ite.paytmbank.com|*.ibmmq-service-ite.paytmbank.com|dakia-ite-origin.paytmbank.com|*.dakia-ite-origin.paytmbank.com|productpref-origin-ite.paytmbank.com|*.productpref-origin-ite.paytmbank.com|eis-ite.paytmbank.com|*.eis-ite.paytmbank.com|deeppurple-ite.paytmbank.com|*.deeppurple-ite.paytmbank.com|secure-origin-preprod.paytmbank.com|*.secure-origin-preprod.paytmbank.com|secure-origin-staging.paytmbank.com|*.secure-origin-staging.paytmbank.com|secure-origin-ite.paytmbank.com|*.secure-origin-ite.paytmbank.com|transactionopsgateway-ite-origin.paytmbank.com|*.transactionopsgateway-ite-origin.paytmbank.com|transactionopsgateway-preprod-origin.paytmbank.com|*.transactionopsgateway-preprod-origin.paytmbank.com|transactionopsgateway-staging-origin.paytmbank.com|*.transactionopsgateway-staging-origin.paytmbank.com|product-preprod.paytmbank.com|*.product-preprod.paytmbank.com|productpref-origin-preprod.paytmbank.com|*.productpref-origin-preprod.paytmbank.com|dakia-preprod.paytmbank.com|*.dakia-preprod.paytmbank.com|dakiascheduler-preprod.paytmbank.com|*.dakiascheduler-preprod.paytmbank.com|veneer-preprod.paytmbank.com|*.veneer-preprod.paytmbank.com|cheque-preprod-origin.paytmbank.com|*.cheque-preprod-origin.paytmbank.com|oauth-origin-preprod.paytmbank.com|*.oauth-origin-preprod.paytmbank.com|otp-otpservice-preprod.paytmbank.com|*.otp-otpservice-preprod.paytmbank.com|challenge-preprod.paytmbank.com|*.challenge-preprod.paytmbank.com|notification-preprod.paytmbank.com|*.notification-preprod.paytmbank.com|ibmmq-service-pt.paytmbank.com|*.ibmmq-service-pt.paytmbank.com|haproxy-ingress.github.io|*.haproxy-ingress.github.io|invest-ite-origin.paytmbank.com|*.invest-ite-origin.paytmbank.com|polynote01.internal.prod-ppbl.osmose.paytmlabs.com|*.polynote01.internal.prod-ppbl.osmose.paytmlabs.com|ml-test-01.internal.prod-ppbl.osmose.paytmlabs.com|*.ml-test-01.internal.prod-ppbl.osmose.paytmlabs.com|gpu01.internal.prod-ppbl.osmose.paytmlabs.com|*.gpu01.internal.prod-ppbl.osmose.paytmlabs.com|maquette.prod-sa1.inner-route.com|*.maquette.prod-sa1.inner-route.com|emr-master01.internal.prod-ppbl.osmose.paytmlabs.com|*.emr-master01.internal.prod-ppbl.osmose.paytmlabs.com|azkaban.internal.prod-ppbl.osmose.paytmlabs.com|*.azkaban.internal.prod-ppbl.osmose.paytmlabs.com|transactionopsgateway-ite.paytmbank.com|*.transactionopsgateway-ite.paytmbank.com|fastag-redash.paytmbank.com|*.fastag-redash.paytmbank.com|deeppurple.paytmbank.com|*.deeppurple.paytmbank.com|aeps-mock-staging.paytmbank.com|*.aeps-mock-staging.paytmbank.com|aeps-switch-staging2.paytmbank.com|*.aeps-switch-staging2.paytmbank.com|aeps-issuer-staging.paytmbank.com|*.aeps-issuer-staging.paytmbank.com|aeps-acquirer-staging.paytmbank.com|*.aeps-acquirer-staging.paytmbank.com|aeps-recon-staging.paytmbank.com|*.aeps-recon-staging.paytmbank.com|202.143.99.177|paytmpb.io|*.paytmpb.io|kyc-dev-panel.paytmbank.com|*.kyc-dev-panel.paytmbank.com|172.60.5.139|maquette-ldap.paytmbank.inner-route.com|*.maquette-ldap.paytmbank.inner-route.com|172.24.33.51|172.60.5.174|172.60.5.187|azkabannode-dataset-prod-1.paytm-pb.net|*.azkabannode-dataset-prod-1.paytm-pb.net|artifactory.mypaytm.com|*.artifactory.mypaytm.com|teams.microsoft.com|*.teams.microsoft.com|1.7.216.195|182.18.155.26|netbanking-internal-dc.paytmbank.com|*.netbanking-internal-dc.paytmbank.com|emr-master02.internal.prod-ppbl.osmose.paytmlabs.com|*.emr-master02.internal.prod-ppbl.osmose.paytmlabs.com|kibana.prod-sa1.osmose.paytmlabs.com|*.kibana.prod-sa1.osmose.paytmlabs.com|maquette-audit.paytmbank.inner-route.com|*.maquette-audit.paytmbank.inner-route.com|shiksha-ite.com|*.shiksha-ite.com|deeppurple-ite.com|*.deeppurple-ite.com|mw-amc.paytmbank.com|*.mw-amc.paytmbank.com|maquette.paytmbank.inner-route.com|*.maquette.paytmbank.inner-route.com|maquette.stg-sa1.inner-route.com|*.maquette.stg-sa1.inner-route.com|maquette-admin.stg-sa1.inner-route.com|*.maquette-admin.stg-sa1.inner-route.com|maquette-admin-ldap.paytmbank.inner-route.com|*.maquette-admin-ldap.paytmbank.inner-route.com|maquette-admin.paytmbank.inner-route.com|*.maquette-admin.paytmbank.inner-route.com|maquette-admin.paytmbank.inner-route.com|*.maquette-admin.paytmbank.inner-route.com|bankapiautomation-ite.paytmbank.com|*.bankapiautomation-ite.paytmbank.com|secure-ite.paytmbank.com|*.secure-ite.paytmbank.com|oauth-preprod-internal.paytmbank.com|*.oauth-preprod-internal.paytmbank.com|oauth-ite.paytmbank.com|*.oauth-ite.paytmbank.com|invest-internal-ite.paytmbank.com|*.invest-internal-ite.paytmbank.com|documents-ite.paytmbank.com|*.documents-ite.paytmbank.com|documents-preprod.paytmbank.com|*.documents-preprod.paytmbank.com|pass-api-ite.paytmbank.com|*.pass-api-ite.paytmbank.com|invest-internal-mwpreprod.paytmbank.com|*.invest-internal-mwpreprod.paytmbank.com|kyc-dev.paytmbank.com|*.kyc-dev.paytmbank.com|goldengate-staging.paytmbank.com|*.goldengate-staging.paytmbank.com|kyc-public-dev.paytmbank.com|*.kyc-public-dev.paytmbank.com|upigateway-staging.paytmbank.com|*.upigateway-staging.paytmbank.com|statement-ite.paytmbank.com|*.statement-ite.paytmbank.com|statement-internal-ite.paytmbank.com|*.statement-internal-ite.paytmbank.com|statement-mwstaging.paytmbank.com|*.statement-mwstaging.paytmbank.com|statement-preprod.paytmbank.com|*.statement-preprod.paytmbank.com|insurance-service-ite.paytmbank.com|*.insurance-service-ite.paytmbank.com|bankfulfillment-internal-ite.paytmbank.com|*.bankfulfillment-internal-ite.paytmbank.com|subscription-backend-mwpreprod.paytmbank.com|*.subscription-backend-mwpreprod.paytmbank.com|subscription-backend-ite.paytmbank.com|*.subscription-backend-ite.paytmbank.com|paytm-pb.net|*.paytm-pb.net|cst-apim.paytmdgt.io|*.cst-apim.paytmdgt.io|cststaging-apim.paytmdgt.io|*.cststaging-apim.paytmdgt.io|bank-pulse.mypaytm.com|*.bank-pulse.mypaytm.com|ios-ci01.mypaytm.com|*.ios-ci01.mypaytm.com|maquette.internal.ap-south-1.staging.osmose.risk.pai.mypaytm.com|*.maquette.internal.ap-south-1.staging.osmose.risk.pai.mypaytm.com|dbt-internal-dc.paytmbank.com|*.dbt-internal-dc.paytmbank.com|staging-pulse.mypaytm.com|*.staging-pulse.mypaytm.com|dc1vpn.paytmbank.com|*.dc1vpn.paytmbank.com|dr1vpn.paytmbank.com|*.dr1vpn.paytmbank.com"/>
    <property name="java.class.version" value="61.0"/>
    <property name="http.proxyPort" value="8080"/>
  </properties>
  <testcase name="transferMoney" classname="Milestone2.Wallet_Management_Project.controller.TransactionControllerTest" time="60.557">
    <failure message="expected:&lt;[Money transferred successfully]&gt; but was:&lt;[Unsuccessful transaction !]&gt;" type="org.junit.ComparisonFailure"><![CDATA[org.junit.ComparisonFailure: expected:<[Money transferred successfully]> but was:<[Unsuccessful transaction !]>
	at Milestone2.Wallet_Management_Project.controller.TransactionControllerTest.transferMoney(TransactionControllerTest.java:106)
]]></failure>
    <system-out><![CDATA[2022-02-01 19:21:29.837  INFO 41096 --- [           main] .b.t.c.SpringBootTestContextBootstrapper : Neither @ContextConfiguration nor @ContextHierarchy found for test class [Milestone2.Wallet_Management_Project.controller.TransactionControllerTest], using SpringBootContextLoader
2022-02-01 19:21:29.841  INFO 41096 --- [           main] o.s.t.c.support.AbstractContextLoader    : Could not detect default resource locations for test class [Milestone2.Wallet_Management_Project.controller.TransactionControllerTest]: no resource found for suffixes {-context.xml, Context.groovy}.
2022-02-01 19:21:29.842  INFO 41096 --- [           main] t.c.s.AnnotationConfigContextLoaderUtils : Could not detect default configuration classes for test class [Milestone2.Wallet_Management_Project.controller.TransactionControllerTest]: TransactionControllerTest does not declare any static, non-private, non-final, nested classes annotated with @Configuration.
2022-02-01 19:21:29.863  INFO 41096 --- [           main] .b.t.c.SpringBootTestContextBootstrapper : Found @SpringBootConfiguration Milestone2.Wallet_Management_Project.WalletManagementApplication for test class Milestone2.Wallet_Management_Project.controller.TransactionControllerTest
2022-02-01 19:21:29.872  INFO 41096 --- [           main] .b.t.c.SpringBootTestContextBootstrapper : Loaded default TestExecutionListener class names from location [META-INF/spring.factories]: [org.springframework.boot.test.mock.mockito.MockitoTestExecutionListener, org.springframework.boot.test.mock.mockito.ResetMocksTestExecutionListener, org.springframework.boot.test.autoconfigure.restdocs.RestDocsTestExecutionListener, org.springframework.boot.test.autoconfigure.web.client.MockRestServiceServerResetTestExecutionListener, org.springframework.boot.test.autoconfigure.web.servlet.MockMvcPrintOnlyOnFailureTestExecutionListener, org.springframework.boot.test.autoconfigure.web.servlet.WebDriverTestExecutionListener, org.springframework.boot.test.autoconfigure.webservices.client.MockWebServiceServerTestExecutionListener, org.springframework.test.context.web.ServletTestExecutionListener, org.springframework.test.context.support.DirtiesContextBeforeModesTestExecutionListener, org.springframework.test.context.event.ApplicationEventsTestExecutionListener, org.springframework.test.context.support.DependencyInjectionTestExecutionListener, org.springframework.test.context.support.DirtiesContextTestExecutionListener, org.springframework.test.context.transaction.TransactionalTestExecutionListener, org.springframework.test.context.jdbc.SqlScriptsTestExecutionListener, org.springframework.test.context.event.EventPublishingTestExecutionListener, org.springframework.security.test.context.support.WithSecurityContextTestExecutionListener, org.springframework.security.test.context.support.ReactorContextTestExecutionListener]
2022-02-01 19:21:29.872  INFO 41096 --- [           main] .b.t.c.SpringBootTestContextBootstrapper : Using TestExecutionListeners: [org.springframework.test.context.web.ServletTestExecutionListener@6b58a0f9, org.springframework.test.context.support.DirtiesContextBeforeModesTestExecutionListener@7b6c3b37, org.springframework.test.context.event.ApplicationEventsTestExecutionListener@a8964c1, org.springframework.boot.test.mock.mockito.MockitoTestExecutionListener@38320819, org.springframework.boot.test.autoconfigure.SpringBootDependencyInjectionTestExecutionListener@16c3388e, org.springframework.test.context.support.DirtiesContextTestExecutionListener@cec1ce2, org.springframework.test.context.transaction.TransactionalTestExecutionListener@4d82ded2, org.springframework.test.context.jdbc.SqlScriptsTestExecutionListener@655875bb, org.springframework.test.context.event.EventPublishingTestExecutionListener@6ad036d6, org.springframework.security.test.context.support.WithSecurityContextTestExecutionListener@6b72c62, org.springframework.security.test.context.support.ReactorContextTestExecutionListener@5d180628, org.springframework.boot.test.mock.mockito.ResetMocksTestExecutionListener@7b4b559d, org.springframework.boot.test.autoconfigure.restdocs.RestDocsTestExecutionListener@1046aaa4, org.springframework.boot.test.autoconfigure.web.client.MockRestServiceServerResetTestExecutionListener@2fad50f2, org.springframework.boot.test.autoconfigure.web.servlet.MockMvcPrintOnlyOnFailureTestExecutionListener@32192a69, org.springframework.boot.test.autoconfigure.web.servlet.WebDriverTestExecutionListener@135f760a, org.springframework.boot.test.autoconfigure.webservices.client.MockWebServiceServerTestExecutionListener@36e9fd4f]
Hibernate: select user0_.user_id as user_id1_1_, user0_.address as address2_1_, user0_.created_date as created_3_1_, user0_.email as email4_1_, user0_.mobile_no as mobile_n5_1_, user0_.name as name6_1_, user0_.password as password7_1_, user0_.status as status8_1_, user0_.user_name as user_nam9_1_, user0_.wallet_wallet_id as wallet_10_1_ from user user0_ where user0_.mobile_no=?
Hibernate: select wallet0_.wallet_id as wallet_i1_2_0_, wallet0_.curr_bal as curr_bal2_2_0_ from wallet wallet0_ where wallet0_.wallet_id=?
Hibernate: select user0_.user_id as user_id1_1_, user0_.address as address2_1_, user0_.created_date as created_3_1_, user0_.email as email4_1_, user0_.mobile_no as mobile_n5_1_, user0_.name as name6_1_, user0_.password as password7_1_, user0_.status as status8_1_, user0_.user_name as user_nam9_1_, user0_.wallet_wallet_id as wallet_10_1_ from user user0_ where user0_.user_name=?
Hibernate: select wallet0_.wallet_id as wallet_i1_2_0_, wallet0_.curr_bal as curr_bal2_2_0_ from wallet wallet0_ where wallet0_.wallet_id=?
Hibernate: select user0_.user_id as user_id1_1_, user0_.address as address2_1_, user0_.created_date as created_3_1_, user0_.email as email4_1_, user0_.mobile_no as mobile_n5_1_, user0_.name as name6_1_, user0_.password as password7_1_, user0_.status as status8_1_, user0_.user_name as user_nam9_1_, user0_.wallet_wallet_id as wallet_10_1_ from user user0_ where user0_.user_name=?
Hibernate: select user0_.user_id as user_id1_1_, user0_.address as address2_1_, user0_.created_date as created_3_1_, user0_.email as email4_1_, user0_.mobile_no as mobile_n5_1_, user0_.name as name6_1_, user0_.password as password7_1_, user0_.status as status8_1_, user0_.user_name as user_nam9_1_, user0_.wallet_wallet_id as wallet_10_1_ from user user0_ where user0_.user_name=?
Hibernate: select wallet0_.wallet_id as wallet_i1_2_0_, wallet0_.curr_bal as curr_bal2_2_0_ from wallet wallet0_ where wallet0_.wallet_id=?
Hibernate: select user0_.user_id as user_id1_1_, user0_.address as address2_1_, user0_.created_date as created_3_1_, user0_.email as email4_1_, user0_.mobile_no as mobile_n5_1_, user0_.name as name6_1_, user0_.password as password7_1_, user0_.status as status8_1_, user0_.user_name as user_nam9_1_, user0_.wallet_wallet_id as wallet_10_1_ from user user0_ where user0_.mobile_no=?
Hibernate: select wallet0_.wallet_id as wallet_i1_2_0_, wallet0_.curr_bal as curr_bal2_2_0_ from wallet wallet0_ where wallet0_.wallet_id=?
Hibernate: select wallet0_.wallet_id as wallet_i1_2_0_, wallet0_.curr_bal as curr_bal2_2_0_ from wallet wallet0_ where wallet0_.wallet_id=?
Hibernate: update wallet set curr_bal=? where wallet_id=?
Hibernate: update wallet set curr_bal=? where wallet_id=?
Hibernate: select next_val as id_val from hibernate_sequence for update
Hibernate: update hibernate_sequence set next_val= ? where next_val=?
Hibernate: insert into transaction (status, amount, payee_wallet_id, payer_wallet_id, timestamp, txn_id) values (?, ?, ?, ?, ?, ?)
2022-02-01 19:21:30.215  INFO 41096 --- [           main] o.a.k.clients.producer.ProducerConfig    : ProducerConfig values: 
	acks = -1
	batch.size = 16384
	bootstrap.servers = [localhost:9092]
	buffer.memory = 33554432
	client.dns.lookup = use_all_dns_ips
	client.id = producer-1
	compression.type = none
	connections.max.idle.ms = 540000
	delivery.timeout.ms = 120000
	enable.idempotence = true
	interceptor.classes = []
	key.serializer = class org.apache.kafka.common.serialization.StringSerializer
	linger.ms = 0
	max.block.ms = 60000
	max.in.flight.requests.per.connection = 5
	max.request.size = 1048576
	metadata.max.age.ms = 300000
	metadata.max.idle.ms = 300000
	metric.reporters = []
	metrics.num.samples = 2
	metrics.recording.level = INFO
	metrics.sample.window.ms = 30000
	partitioner.class = class org.apache.kafka.clients.producer.internals.DefaultPartitioner
	receive.buffer.bytes = 32768
	reconnect.backoff.max.ms = 1000
	reconnect.backoff.ms = 50
	request.timeout.ms = 30000
	retries = 2147483647
	retry.backoff.ms = 100
	sasl.client.callback.handler.class = null
	sasl.jaas.config = null
	sasl.kerberos.kinit.cmd = /usr/bin/kinit
	sasl.kerberos.min.time.before.relogin = 60000
	sasl.kerberos.service.name = null
	sasl.kerberos.ticket.renew.jitter = 0.05
	sasl.kerberos.ticket.renew.window.factor = 0.8
	sasl.login.callback.handler.class = null
	sasl.login.class = null
	sasl.login.refresh.buffer.seconds = 300
	sasl.login.refresh.min.period.seconds = 60
	sasl.login.refresh.window.factor = 0.8
	sasl.login.refresh.window.jitter = 0.05
	sasl.mechanism = GSSAPI
	security.protocol = PLAINTEXT
	security.providers = null
	send.buffer.bytes = 131072
	socket.connection.setup.timeout.max.ms = 30000
	socket.connection.setup.timeout.ms = 10000
	ssl.cipher.suites = null
	ssl.enabled.protocols = [TLSv1.2, TLSv1.3]
	ssl.endpoint.identification.algorithm = https
	ssl.engine.factory.class = null
	ssl.key.password = null
	ssl.keymanager.algorithm = SunX509
	ssl.keystore.certificate.chain = null
	ssl.keystore.key = null
	ssl.keystore.location = null
	ssl.keystore.password = null
	ssl.keystore.type = JKS
	ssl.protocol = TLSv1.3
	ssl.provider = null
	ssl.secure.random.implementation = null
	ssl.trustmanager.algorithm = PKIX
	ssl.truststore.certificates = null
	ssl.truststore.location = null
	ssl.truststore.password = null
	ssl.truststore.type = JKS
	transaction.timeout.ms = 60000
	transactional.id = null
	value.serializer = class org.apache.kafka.common.serialization.StringSerializer

2022-02-01 19:21:30.387  INFO 41096 --- [           main] o.a.kafka.common.utils.AppInfoParser     : Kafka version: 3.0.0
2022-02-01 19:21:30.387  INFO 41096 --- [           main] o.a.kafka.common.utils.AppInfoParser     : Kafka commitId: 8cb0a5e9d3441962
2022-02-01 19:21:30.387  INFO 41096 --- [           main] o.a.kafka.common.utils.AppInfoParser     : Kafka startTimeMs: 1643723490381
2022-02-01 19:21:30.397  WARN 41096 --- [ad | producer-1] org.apache.kafka.clients.NetworkClient   : [Producer clientId=producer-1] Connection to node -1 (localhost/127.0.0.1:9092) could not be established. Broker may not be available.
2022-02-01 19:21:30.398  WARN 41096 --- [ad | producer-1] org.apache.kafka.clients.NetworkClient   : [Producer clientId=producer-1] Bootstrap broker localhost:9092 (id: -1 rack: null) disconnected
2022-02-01 19:21:30.500  WARN 41096 --- [ad | producer-1] org.apache.kafka.clients.NetworkClient   : [Producer clientId=producer-1] Connection to node -1 (localhost/127.0.0.1:9092) could not be established. Broker may not be available.
2022-02-01 19:21:30.501  WARN 41096 --- [ad | producer-1] org.apache.kafka.clients.NetworkClient   : [Producer clientId=producer-1] Bootstrap broker localhost:9092 (id: -1 rack: null) disconnected
2022-02-01 19:21:30.661  WARN 41096 --- [ad | producer-1] org.apache.kafka.clients.NetworkClient   : [Producer clientId=producer-1] Connection to node -1 (localhost/127.0.0.1:9092) could not be established. Broker may not be available.
2022-02-01 19:21:30.663  WARN 41096 --- [ad | producer-1] org.apache.kafka.clients.NetworkClient   : [Producer clientId=producer-1] Bootstrap broker localhost:9092 (id: -1 rack: null) disconnected
2022-02-01 19:21:30.878  WARN 41096 --- [ad | producer-1] org.apache.kafka.clients.NetworkClient   : [Producer clientId=producer-1] Connection to node -1 (localhost/127.0.0.1:9092) could not be established. Broker may not be available.
2022-02-01 19:21:30.881  WARN 41096 --- [ad | producer-1] org.apache.kafka.clients.NetworkClient   : [Producer clientId=producer-1] Bootstrap broker localhost:9092 (id: -1 rack: null) disconnected
2022-02-01 19:21:31.248  WARN 41096 --- [ad | producer-1] org.apache.kafka.clients.NetworkClient   : [Producer clientId=producer-1] Connection to node -1 (localhost/127.0.0.1:9092) could not be established. Broker may not be available.
2022-02-01 19:21:31.254  WARN 41096 --- [ad | producer-1] org.apache.kafka.clients.NetworkClient   : [Producer clientId=producer-1] Bootstrap broker localhost:9092 (id: -1 rack: null) disconnected
2022-02-01 19:21:31.949  WARN 41096 --- [ad | producer-1] org.apache.kafka.clients.NetworkClient   : [Producer clientId=producer-1] Connection to node -1 (localhost/127.0.0.1:9092) could not be established. Broker may not be available.
2022-02-01 19:21:31.950  WARN 41096 --- [ad | producer-1] org.apache.kafka.clients.NetworkClient   : [Producer clientId=producer-1] Bootstrap broker localhost:9092 (id: -1 rack: null) disconnected
2022-02-01 19:21:33.092  WARN 41096 --- [ad | producer-1] org.apache.kafka.clients.NetworkClient   : [Producer clientId=producer-1] Connection to node -1 (localhost/127.0.0.1:9092) could not be established. Broker may not be available.
2022-02-01 19:21:33.095  WARN 41096 --- [ad | producer-1] org.apache.kafka.clients.NetworkClient   : [Producer clientId=producer-1] Bootstrap broker localhost:9092 (id: -1 rack: null) disconnected
2022-02-01 19:21:34.124  WARN 41096 --- [ad | producer-1] org.apache.kafka.clients.NetworkClient   : [Producer clientId=producer-1] Connection to node -1 (localhost/127.0.0.1:9092) could not be established. Broker may not be available.
2022-02-01 19:21:34.125  WARN 41096 --- [ad | producer-1] org.apache.kafka.clients.NetworkClient   : [Producer clientId=producer-1] Bootstrap broker localhost:9092 (id: -1 rack: null) disconnected
2022-02-01 19:21:35.046  WARN 41096 --- [ad | producer-1] org.apache.kafka.clients.NetworkClient   : [Producer clientId=producer-1] Connection to node -1 (localhost/127.0.0.1:9092) could not be established. Broker may not be available.
2022-02-01 19:21:35.047  WARN 41096 --- [ad | producer-1] org.apache.kafka.clients.NetworkClient   : [Producer clientId=producer-1] Bootstrap broker localhost:9092 (id: -1 rack: null) disconnected
2022-02-01 19:21:35.918  WARN 41096 --- [ad | producer-1] org.apache.kafka.clients.NetworkClient   : [Producer clientId=producer-1] Connection to node -1 (localhost/127.0.0.1:9092) could not be established. Broker may not be available.
2022-02-01 19:21:35.919  WARN 41096 --- [ad | producer-1] org.apache.kafka.clients.NetworkClient   : [Producer clientId=producer-1] Bootstrap broker localhost:9092 (id: -1 rack: null) disconnected
2022-02-01 19:21:37.010  WARN 41096 --- [ad | producer-1] org.apache.kafka.clients.NetworkClient   : [Producer clientId=producer-1] Connection to node -1 (localhost/127.0.0.1:9092) could not be established. Broker may not be available.
2022-02-01 19:21:37.011  WARN 41096 --- [ad | producer-1] org.apache.kafka.clients.NetworkClient   : [Producer clientId=producer-1] Bootstrap broker localhost:9092 (id: -1 rack: null) disconnected
2022-02-01 19:21:37.899  WARN 41096 --- [ad | producer-1] org.apache.kafka.clients.NetworkClient   : [Producer clientId=producer-1] Connection to node -1 (localhost/127.0.0.1:9092) could not be established. Broker may not be available.
2022-02-01 19:21:37.901  WARN 41096 --- [ad | producer-1] org.apache.kafka.clients.NetworkClient   : [Producer clientId=producer-1] Bootstrap broker localhost:9092 (id: -1 rack: null) disconnected
2022-02-01 19:21:38.918  WARN 41096 --- [ad | producer-1] org.apache.kafka.clients.NetworkClient   : [Producer clientId=producer-1] Connection to node -1 (localhost/127.0.0.1:9092) could not be established. Broker may not be available.
2022-02-01 19:21:38.919  WARN 41096 --- [ad | producer-1] org.apache.kafka.clients.NetworkClient   : [Producer clientId=producer-1] Bootstrap broker localhost:9092 (id: -1 rack: null) disconnected
2022-02-01 19:21:39.789  WARN 41096 --- [ad | producer-1] org.apache.kafka.clients.NetworkClient   : [Producer clientId=producer-1] Connection to node -1 (localhost/127.0.0.1:9092) could not be established. Broker may not be available.
2022-02-01 19:21:39.790  WARN 41096 --- [ad | producer-1] org.apache.kafka.clients.NetworkClient   : [Producer clientId=producer-1] Bootstrap broker localhost:9092 (id: -1 rack: null) disconnected
2022-02-01 19:21:40.836  WARN 41096 --- [ad | producer-1] org.apache.kafka.clients.NetworkClient   : [Producer clientId=producer-1] Connection to node -1 (localhost/127.0.0.1:9092) could not be established. Broker may not be available.
2022-02-01 19:21:40.842  WARN 41096 --- [ad | producer-1] org.apache.kafka.clients.NetworkClient   : [Producer clientId=producer-1] Bootstrap broker localhost:9092 (id: -1 rack: null) disconnected
2022-02-01 19:21:41.651  WARN 41096 --- [ad | producer-1] org.apache.kafka.clients.NetworkClient   : [Producer clientId=producer-1] Connection to node -1 (localhost/127.0.0.1:9092) could not be established. Broker may not be available.
2022-02-01 19:21:41.652  WARN 41096 --- [ad | producer-1] org.apache.kafka.clients.NetworkClient   : [Producer clientId=producer-1] Bootstrap broker localhost:9092 (id: -1 rack: null) disconnected
2022-02-01 19:21:42.789  WARN 41096 --- [ad | producer-1] org.apache.kafka.clients.NetworkClient   : [Producer clientId=producer-1] Connection to node -1 (localhost/127.0.0.1:9092) could not be established. Broker may not be available.
2022-02-01 19:21:42.789  WARN 41096 --- [ad | producer-1] org.apache.kafka.clients.NetworkClient   : [Producer clientId=producer-1] Bootstrap broker localhost:9092 (id: -1 rack: null) disconnected
2022-02-01 19:21:43.939  WARN 41096 --- [ad | producer-1] org.apache.kafka.clients.NetworkClient   : [Producer clientId=producer-1] Connection to node -1 (localhost/127.0.0.1:9092) could not be established. Broker may not be available.
2022-02-01 19:21:43.940  WARN 41096 --- [ad | producer-1] org.apache.kafka.clients.NetworkClient   : [Producer clientId=producer-1] Bootstrap broker localhost:9092 (id: -1 rack: null) disconnected
2022-02-01 19:21:44.816  WARN 41096 --- [ad | producer-1] org.apache.kafka.clients.NetworkClient   : [Producer clientId=producer-1] Connection to node -1 (localhost/127.0.0.1:9092) could not be established. Broker may not be available.
2022-02-01 19:21:44.817  WARN 41096 --- [ad | producer-1] org.apache.kafka.clients.NetworkClient   : [Producer clientId=producer-1] Bootstrap broker localhost:9092 (id: -1 rack: null) disconnected
2022-02-01 19:21:46.018  WARN 41096 --- [ad | producer-1] org.apache.kafka.clients.NetworkClient   : [Producer clientId=producer-1] Connection to node -1 (localhost/127.0.0.1:9092) could not be established. Broker may not be available.
2022-02-01 19:21:46.021  WARN 41096 --- [ad | producer-1] org.apache.kafka.clients.NetworkClient   : [Producer clientId=producer-1] Bootstrap broker localhost:9092 (id: -1 rack: null) disconnected
2022-02-01 19:21:46.952  WARN 41096 --- [ad | producer-1] org.apache.kafka.clients.NetworkClient   : [Producer clientId=producer-1] Connection to node -1 (localhost/127.0.0.1:9092) could not be established. Broker may not be available.
2022-02-01 19:21:46.953  WARN 41096 --- [ad | producer-1] org.apache.kafka.clients.NetworkClient   : [Producer clientId=producer-1] Bootstrap broker localhost:9092 (id: -1 rack: null) disconnected
2022-02-01 19:21:48.193  WARN 41096 --- [ad | producer-1] org.apache.kafka.clients.NetworkClient   : [Producer clientId=producer-1] Connection to node -1 (localhost/127.0.0.1:9092) could not be established. Broker may not be available.
2022-02-01 19:21:48.194  WARN 41096 --- [ad | producer-1] org.apache.kafka.clients.NetworkClient   : [Producer clientId=producer-1] Bootstrap broker localhost:9092 (id: -1 rack: null) disconnected
2022-02-01 19:21:49.064  WARN 41096 --- [ad | producer-1] org.apache.kafka.clients.NetworkClient   : [Producer clientId=producer-1] Connection to node -1 (localhost/127.0.0.1:9092) could not be established. Broker may not be available.
2022-02-01 19:21:49.064  WARN 41096 --- [ad | producer-1] org.apache.kafka.clients.NetworkClient   : [Producer clientId=producer-1] Bootstrap broker localhost:9092 (id: -1 rack: null) disconnected
2022-02-01 19:21:50.207  WARN 41096 --- [ad | producer-1] org.apache.kafka.clients.NetworkClient   : [Producer clientId=producer-1] Connection to node -1 (localhost/127.0.0.1:9092) could not be established. Broker may not be available.
2022-02-01 19:21:50.208  WARN 41096 --- [ad | producer-1] org.apache.kafka.clients.NetworkClient   : [Producer clientId=producer-1] Bootstrap broker localhost:9092 (id: -1 rack: null) disconnected
2022-02-01 19:21:51.317  WARN 41096 --- [ad | producer-1] org.apache.kafka.clients.NetworkClient   : [Producer clientId=producer-1] Connection to node -1 (localhost/127.0.0.1:9092) could not be established. Broker may not be available.
2022-02-01 19:21:51.317  WARN 41096 --- [ad | producer-1] org.apache.kafka.clients.NetworkClient   : [Producer clientId=producer-1] Bootstrap broker localhost:9092 (id: -1 rack: null) disconnected
2022-02-01 19:21:52.462  WARN 41096 --- [ad | producer-1] org.apache.kafka.clients.NetworkClient   : [Producer clientId=producer-1] Connection to node -1 (localhost/127.0.0.1:9092) could not be established. Broker may not be available.
2022-02-01 19:21:52.463  WARN 41096 --- [ad | producer-1] org.apache.kafka.clients.NetworkClient   : [Producer clientId=producer-1] Bootstrap broker localhost:9092 (id: -1 rack: null) disconnected
2022-02-01 19:21:53.583  WARN 41096 --- [ad | producer-1] org.apache.kafka.clients.NetworkClient   : [Producer clientId=producer-1] Connection to node -1 (localhost/127.0.0.1:9092) could not be established. Broker may not be available.
2022-02-01 19:21:53.584  WARN 41096 --- [ad | producer-1] org.apache.kafka.clients.NetworkClient   : [Producer clientId=producer-1] Bootstrap broker localhost:9092 (id: -1 rack: null) disconnected
2022-02-01 19:21:54.451  WARN 41096 --- [ad | producer-1] org.apache.kafka.clients.NetworkClient   : [Producer clientId=producer-1] Connection to node -1 (localhost/127.0.0.1:9092) could not be established. Broker may not be available.
2022-02-01 19:21:54.451  WARN 41096 --- [ad | producer-1] org.apache.kafka.clients.NetworkClient   : [Producer clientId=producer-1] Bootstrap broker localhost:9092 (id: -1 rack: null) disconnected
2022-02-01 19:21:55.487  WARN 41096 --- [ad | producer-1] org.apache.kafka.clients.NetworkClient   : [Producer clientId=producer-1] Connection to node -1 (localhost/127.0.0.1:9092) could not be established. Broker may not be available.
2022-02-01 19:21:55.488  WARN 41096 --- [ad | producer-1] org.apache.kafka.clients.NetworkClient   : [Producer clientId=producer-1] Bootstrap broker localhost:9092 (id: -1 rack: null) disconnected
2022-02-01 19:21:56.346  WARN 41096 --- [ad | producer-1] org.apache.kafka.clients.NetworkClient   : [Producer clientId=producer-1] Connection to node -1 (localhost/127.0.0.1:9092) could not be established. Broker may not be available.
2022-02-01 19:21:56.347  WARN 41096 --- [ad | producer-1] org.apache.kafka.clients.NetworkClient   : [Producer clientId=producer-1] Bootstrap broker localhost:9092 (id: -1 rack: null) disconnected
2022-02-01 19:21:57.552  WARN 41096 --- [ad | producer-1] org.apache.kafka.clients.NetworkClient   : [Producer clientId=producer-1] Connection to node -1 (localhost/127.0.0.1:9092) could not be established. Broker may not be available.
2022-02-01 19:21:57.553  WARN 41096 --- [ad | producer-1] org.apache.kafka.clients.NetworkClient   : [Producer clientId=producer-1] Bootstrap broker localhost:9092 (id: -1 rack: null) disconnected
2022-02-01 19:21:58.559  WARN 41096 --- [ad | producer-1] org.apache.kafka.clients.NetworkClient   : [Producer clientId=producer-1] Connection to node -1 (localhost/127.0.0.1:9092) could not be established. Broker may not be available.
2022-02-01 19:21:58.561  WARN 41096 --- [ad | producer-1] org.apache.kafka.clients.NetworkClient   : [Producer clientId=producer-1] Bootstrap broker localhost:9092 (id: -1 rack: null) disconnected
2022-02-01 19:21:59.756  WARN 41096 --- [ad | producer-1] org.apache.kafka.clients.NetworkClient   : [Producer clientId=producer-1] Connection to node -1 (localhost/127.0.0.1:9092) could not be established. Broker may not be available.
2022-02-01 19:21:59.757  WARN 41096 --- [ad | producer-1] org.apache.kafka.clients.NetworkClient   : [Producer clientId=producer-1] Bootstrap broker localhost:9092 (id: -1 rack: null) disconnected
2022-02-01 19:22:01.005  WARN 41096 --- [ad | producer-1] org.apache.kafka.clients.NetworkClient   : [Producer clientId=producer-1] Connection to node -1 (localhost/127.0.0.1:9092) could not be established. Broker may not be available.
2022-02-01 19:22:01.005  WARN 41096 --- [ad | producer-1] org.apache.kafka.clients.NetworkClient   : [Producer clientId=producer-1] Bootstrap broker localhost:9092 (id: -1 rack: null) disconnected
2022-02-01 19:22:01.982  WARN 41096 --- [ad | producer-1] org.apache.kafka.clients.NetworkClient   : [Producer clientId=producer-1] Connection to node -1 (localhost/127.0.0.1:9092) could not be established. Broker may not be available.
2022-02-01 19:22:01.984  WARN 41096 --- [ad | producer-1] org.apache.kafka.clients.NetworkClient   : [Producer clientId=producer-1] Bootstrap broker localhost:9092 (id: -1 rack: null) disconnected
2022-02-01 19:22:03.176  WARN 41096 --- [ad | producer-1] org.apache.kafka.clients.NetworkClient   : [Producer clientId=producer-1] Connection to node -1 (localhost/127.0.0.1:9092) could not be established. Broker may not be available.
2022-02-01 19:22:03.177  WARN 41096 --- [ad | producer-1] org.apache.kafka.clients.NetworkClient   : [Producer clientId=producer-1] Bootstrap broker localhost:9092 (id: -1 rack: null) disconnected
2022-02-01 19:22:04.095  WARN 41096 --- [ad | producer-1] org.apache.kafka.clients.NetworkClient   : [Producer clientId=producer-1] Connection to node -1 (localhost/127.0.0.1:9092) could not be established. Broker may not be available.
2022-02-01 19:22:04.096  WARN 41096 --- [ad | producer-1] org.apache.kafka.clients.NetworkClient   : [Producer clientId=producer-1] Bootstrap broker localhost:9092 (id: -1 rack: null) disconnected
2022-02-01 19:22:05.019  WARN 41096 --- [ad | producer-1] org.apache.kafka.clients.NetworkClient   : [Producer clientId=producer-1] Connection to node -1 (localhost/127.0.0.1:9092) could not be established. Broker may not be available.
2022-02-01 19:22:05.022  WARN 41096 --- [ad | producer-1] org.apache.kafka.clients.NetworkClient   : [Producer clientId=producer-1] Bootstrap broker localhost:9092 (id: -1 rack: null) disconnected
2022-02-01 19:22:05.974  WARN 41096 --- [ad | producer-1] org.apache.kafka.clients.NetworkClient   : [Producer clientId=producer-1] Connection to node -1 (localhost/127.0.0.1:9092) could not be established. Broker may not be available.
2022-02-01 19:22:05.975  WARN 41096 --- [ad | producer-1] org.apache.kafka.clients.NetworkClient   : [Producer clientId=producer-1] Bootstrap broker localhost:9092 (id: -1 rack: null) disconnected
2022-02-01 19:22:06.995  WARN 41096 --- [ad | producer-1] org.apache.kafka.clients.NetworkClient   : [Producer clientId=producer-1] Connection to node -1 (localhost/127.0.0.1:9092) could not be established. Broker may not be available.
2022-02-01 19:22:06.996  WARN 41096 --- [ad | producer-1] org.apache.kafka.clients.NetworkClient   : [Producer clientId=producer-1] Bootstrap broker localhost:9092 (id: -1 rack: null) disconnected
2022-02-01 19:22:08.178  WARN 41096 --- [ad | producer-1] org.apache.kafka.clients.NetworkClient   : [Producer clientId=producer-1] Connection to node -1 (localhost/127.0.0.1:9092) could not be established. Broker may not be available.
2022-02-01 19:22:08.179  WARN 41096 --- [ad | producer-1] org.apache.kafka.clients.NetworkClient   : [Producer clientId=producer-1] Bootstrap broker localhost:9092 (id: -1 rack: null) disconnected
2022-02-01 19:22:09.369  WARN 41096 --- [ad | producer-1] org.apache.kafka.clients.NetworkClient   : [Producer clientId=producer-1] Connection to node -1 (localhost/127.0.0.1:9092) could not be established. Broker may not be available.
2022-02-01 19:22:09.370  WARN 41096 --- [ad | producer-1] org.apache.kafka.clients.NetworkClient   : [Producer clientId=producer-1] Bootstrap broker localhost:9092 (id: -1 rack: null) disconnected
2022-02-01 19:22:10.238  WARN 41096 --- [ad | producer-1] org.apache.kafka.clients.NetworkClient   : [Producer clientId=producer-1] Connection to node -1 (localhost/127.0.0.1:9092) could not be established. Broker may not be available.
2022-02-01 19:22:10.241  WARN 41096 --- [ad | producer-1] org.apache.kafka.clients.NetworkClient   : [Producer clientId=producer-1] Bootstrap broker localhost:9092 (id: -1 rack: null) disconnected
2022-02-01 19:22:11.157  WARN 41096 --- [ad | producer-1] org.apache.kafka.clients.NetworkClient   : [Producer clientId=producer-1] Connection to node -1 (localhost/127.0.0.1:9092) could not be established. Broker may not be available.
2022-02-01 19:22:11.157  WARN 41096 --- [ad | producer-1] org.apache.kafka.clients.NetworkClient   : [Producer clientId=producer-1] Bootstrap broker localhost:9092 (id: -1 rack: null) disconnected
2022-02-01 19:22:12.080  WARN 41096 --- [ad | producer-1] org.apache.kafka.clients.NetworkClient   : [Producer clientId=producer-1] Connection to node -1 (localhost/127.0.0.1:9092) could not be established. Broker may not be available.
2022-02-01 19:22:12.081  WARN 41096 --- [ad | producer-1] org.apache.kafka.clients.NetworkClient   : [Producer clientId=producer-1] Bootstrap broker localhost:9092 (id: -1 rack: null) disconnected
2022-02-01 19:22:12.997  WARN 41096 --- [ad | producer-1] org.apache.kafka.clients.NetworkClient   : [Producer clientId=producer-1] Connection to node -1 (localhost/127.0.0.1:9092) could not be established. Broker may not be available.
2022-02-01 19:22:12.998  WARN 41096 --- [ad | producer-1] org.apache.kafka.clients.NetworkClient   : [Producer clientId=producer-1] Bootstrap broker localhost:9092 (id: -1 rack: null) disconnected
2022-02-01 19:22:14.141  WARN 41096 --- [ad | producer-1] org.apache.kafka.clients.NetworkClient   : [Producer clientId=producer-1] Connection to node -1 (localhost/127.0.0.1:9092) could not be established. Broker may not be available.
2022-02-01 19:22:14.142  WARN 41096 --- [ad | producer-1] org.apache.kafka.clients.NetworkClient   : [Producer clientId=producer-1] Bootstrap broker localhost:9092 (id: -1 rack: null) disconnected
2022-02-01 19:22:15.012  WARN 41096 --- [ad | producer-1] org.apache.kafka.clients.NetworkClient   : [Producer clientId=producer-1] Connection to node -1 (localhost/127.0.0.1:9092) could not be established. Broker may not be available.
2022-02-01 19:22:15.013  WARN 41096 --- [ad | producer-1] org.apache.kafka.clients.NetworkClient   : [Producer clientId=producer-1] Bootstrap broker localhost:9092 (id: -1 rack: null) disconnected
2022-02-01 19:22:15.985  WARN 41096 --- [ad | producer-1] org.apache.kafka.clients.NetworkClient   : [Producer clientId=producer-1] Connection to node -1 (localhost/127.0.0.1:9092) could not be established. Broker may not be available.
2022-02-01 19:22:15.986  WARN 41096 --- [ad | producer-1] org.apache.kafka.clients.NetworkClient   : [Producer clientId=producer-1] Bootstrap broker localhost:9092 (id: -1 rack: null) disconnected
2022-02-01 19:22:17.191  WARN 41096 --- [ad | producer-1] org.apache.kafka.clients.NetworkClient   : [Producer clientId=producer-1] Connection to node -1 (localhost/127.0.0.1:9092) could not be established. Broker may not be available.
2022-02-01 19:22:17.199  WARN 41096 --- [ad | producer-1] org.apache.kafka.clients.NetworkClient   : [Producer clientId=producer-1] Bootstrap broker localhost:9092 (id: -1 rack: null) disconnected
2022-02-01 19:22:18.160  WARN 41096 --- [ad | producer-1] org.apache.kafka.clients.NetworkClient   : [Producer clientId=producer-1] Connection to node -1 (localhost/127.0.0.1:9092) could not be established. Broker may not be available.
2022-02-01 19:22:18.162  WARN 41096 --- [ad | producer-1] org.apache.kafka.clients.NetworkClient   : [Producer clientId=producer-1] Bootstrap broker localhost:9092 (id: -1 rack: null) disconnected
2022-02-01 19:22:19.138  WARN 41096 --- [ad | producer-1] org.apache.kafka.clients.NetworkClient   : [Producer clientId=producer-1] Connection to node -1 (localhost/127.0.0.1:9092) could not be established. Broker may not be available.
2022-02-01 19:22:19.138  WARN 41096 --- [ad | producer-1] org.apache.kafka.clients.NetworkClient   : [Producer clientId=producer-1] Bootstrap broker localhost:9092 (id: -1 rack: null) disconnected
2022-02-01 19:22:20.223  WARN 41096 --- [ad | producer-1] org.apache.kafka.clients.NetworkClient   : [Producer clientId=producer-1] Connection to node -1 (localhost/127.0.0.1:9092) could not be established. Broker may not be available.
2022-02-01 19:22:20.223  WARN 41096 --- [ad | producer-1] org.apache.kafka.clients.NetworkClient   : [Producer clientId=producer-1] Bootstrap broker localhost:9092 (id: -1 rack: null) disconnected
2022-02-01 19:22:21.149  WARN 41096 --- [ad | producer-1] org.apache.kafka.clients.NetworkClient   : [Producer clientId=producer-1] Connection to node -1 (localhost/127.0.0.1:9092) could not be established. Broker may not be available.
2022-02-01 19:22:21.150  WARN 41096 --- [ad | producer-1] org.apache.kafka.clients.NetworkClient   : [Producer clientId=producer-1] Bootstrap broker localhost:9092 (id: -1 rack: null) disconnected
2022-02-01 19:22:22.069  WARN 41096 --- [ad | producer-1] org.apache.kafka.clients.NetworkClient   : [Producer clientId=producer-1] Connection to node -1 (localhost/127.0.0.1:9092) could not be established. Broker may not be available.
2022-02-01 19:22:22.069  WARN 41096 --- [ad | producer-1] org.apache.kafka.clients.NetworkClient   : [Producer clientId=producer-1] Bootstrap broker localhost:9092 (id: -1 rack: null) disconnected
2022-02-01 19:22:23.163  WARN 41096 --- [ad | producer-1] org.apache.kafka.clients.NetworkClient   : [Producer clientId=producer-1] Connection to node -1 (localhost/127.0.0.1:9092) could not be established. Broker may not be available.
2022-02-01 19:22:23.163  WARN 41096 --- [ad | producer-1] org.apache.kafka.clients.NetworkClient   : [Producer clientId=producer-1] Bootstrap broker localhost:9092 (id: -1 rack: null) disconnected
2022-02-01 19:22:24.076  WARN 41096 --- [ad | producer-1] org.apache.kafka.clients.NetworkClient   : [Producer clientId=producer-1] Connection to node -1 (localhost/127.0.0.1:9092) could not be established. Broker may not be available.
2022-02-01 19:22:24.076  WARN 41096 --- [ad | producer-1] org.apache.kafka.clients.NetworkClient   : [Producer clientId=producer-1] Bootstrap broker localhost:9092 (id: -1 rack: null) disconnected
2022-02-01 19:22:25.014  WARN 41096 --- [ad | producer-1] org.apache.kafka.clients.NetworkClient   : [Producer clientId=producer-1] Connection to node -1 (localhost/127.0.0.1:9092) could not be established. Broker may not be available.
2022-02-01 19:22:25.015  WARN 41096 --- [ad | producer-1] org.apache.kafka.clients.NetworkClient   : [Producer clientId=producer-1] Bootstrap broker localhost:9092 (id: -1 rack: null) disconnected
2022-02-01 19:22:26.040  WARN 41096 --- [ad | producer-1] org.apache.kafka.clients.NetworkClient   : [Producer clientId=producer-1] Connection to node -1 (localhost/127.0.0.1:9092) could not be established. Broker may not be available.
2022-02-01 19:22:26.041  WARN 41096 --- [ad | producer-1] org.apache.kafka.clients.NetworkClient   : [Producer clientId=producer-1] Bootstrap broker localhost:9092 (id: -1 rack: null) disconnected
2022-02-01 19:22:27.185  WARN 41096 --- [ad | producer-1] org.apache.kafka.clients.NetworkClient   : [Producer clientId=producer-1] Connection to node -1 (localhost/127.0.0.1:9092) could not be established. Broker may not be available.
2022-02-01 19:22:27.186  WARN 41096 --- [ad | producer-1] org.apache.kafka.clients.NetworkClient   : [Producer clientId=producer-1] Bootstrap broker localhost:9092 (id: -1 rack: null) disconnected
2022-02-01 19:22:28.220  WARN 41096 --- [ad | producer-1] org.apache.kafka.clients.NetworkClient   : [Producer clientId=producer-1] Connection to node -1 (localhost/127.0.0.1:9092) could not be established. Broker may not be available.
2022-02-01 19:22:28.224  WARN 41096 --- [ad | producer-1] org.apache.kafka.clients.NetworkClient   : [Producer clientId=producer-1] Bootstrap broker localhost:9092 (id: -1 rack: null) disconnected
2022-02-01 19:22:29.410  WARN 41096 --- [ad | producer-1] org.apache.kafka.clients.NetworkClient   : [Producer clientId=producer-1] Connection to node -1 (localhost/127.0.0.1:9092) could not be established. Broker may not be available.
2022-02-01 19:22:29.411  WARN 41096 --- [ad | producer-1] org.apache.kafka.clients.NetworkClient   : [Producer clientId=producer-1] Bootstrap broker localhost:9092 (id: -1 rack: null) disconnected
2022-02-01 19:22:30.417 ERROR 41096 --- [           main] o.s.k.support.LoggingProducerListener    : Exception thrown when sending a message with key='null' and payload='Money transferred successfully from your wallet Id :1234567890 amount: 1.2 to walletId: 9123456780' to topic txns:

org.apache.kafka.common.errors.TimeoutException: Topic txns not present in metadata after 60000 ms.

2022-02-01 19:22:30.429  WARN 41096 --- [ad | producer-1] org.apache.kafka.clients.NetworkClient   : [Producer clientId=producer-1] Connection to node -1 (localhost/127.0.0.1:9092) could not be established. Broker may not be available.
2022-02-01 19:22:30.429  WARN 41096 --- [ad | producer-1] org.apache.kafka.clients.NetworkClient   : [Producer clientId=producer-1] Bootstrap broker localhost:9092 (id: -1 rack: null) disconnected
Hibernate: update transaction set status=?, amount=?, payee_wallet_id=?, payer_wallet_id=?, timestamp=? where txn_id=?

MockHttpServletRequest:
      HTTP Method = POST
      Request URI = /GenerateTokens
       Parameters = {}
          Headers = [Content-Type:"application/json;charset=UTF-8", Content-Length:"43"]
             Body = {"username":"ab12","password":"kamlesh@22"}
    Session Attrs = {}

Handler:
             Type = Milestone2.Wallet_Management_Project.JWT.controller.JwtTokenController
           Method = Milestone2.Wallet_Management_Project.JWT.controller.JwtTokenController#generateToken(JwtRequest)

Async:
    Async started = false
     Async result = null

Resolved Exception:
             Type = null

ModelAndView:
        View name = null
             View = null
            Model = null

FlashMap:
       Attributes = null

MockHttpServletResponse:
           Status = 200
    Error message = null
          Headers = [Content-Type:"application/json", X-Content-Type-Options:"nosniff", X-XSS-Protection:"1; mode=block", Cache-Control:"no-cache, no-store, max-age=0, must-revalidate", Pragma:"no-cache", Expires:"0", X-Frame-Options:"DENY"]
     Content type = application/json
             Body = {"token":"eyJhbGciOiJIUzI1NiJ9.eyJzdWIiOiJhYjEyIiwiZXhwIjoxNjQzNzU5NDg5LCJpYXQiOjE2NDM3MjM0ODl9.hBMobmRBesT3Fi7g_XH7YLJGCV-Ym7z-5RCB1oN9mtk"}
    Forwarded URL = null
   Redirected URL = null
          Cookies = []

MockHttpServletRequest:
      HTTP Method = POST
      Request URI = /transaction
       Parameters = {}
          Headers = [Content-Type:"application/json;charset=UTF-8", Authorization:"Bearer eyJhbGciOiJIUzI1NiJ9.eyJzdWIiOiJhYjEyIiwiZXhwIjoxNjQzNzU5NDg5LCJpYXQiOjE2NDM3MjM0ODl9.hBMobmRBesT3Fi7g_XH7YLJGCV-Ym7z-5RCB1oN9mtk", Content-Length:"86"]
             Body = {
  "payerWalletId":"1234567890",
  "payeeWalletId": "9123456780",
  "amount":"1.2"

}
    Session Attrs = {}

Handler:
             Type = Milestone2.Wallet_Management_Project.controller.TransactionController
           Method = Milestone2.Wallet_Management_Project.controller.TransactionController#TransferMoney(Transaction)

Async:
    Async started = false
     Async result = null

Resolved Exception:
             Type = Milestone2.Wallet_Management_Project.exception.BadRequestException

ModelAndView:
        View name = null
             View = null
            Model = null

FlashMap:
       Attributes = null

MockHttpServletResponse:
           Status = 200
    Error message = null
          Headers = [Content-Type:"application/json", X-Content-Type-Options:"nosniff", X-XSS-Protection:"1; mode=block", Cache-Control:"no-cache, no-store, max-age=0, must-revalidate", Pragma:"no-cache", Expires:"0", X-Frame-Options:"DENY"]
     Content type = application/json
             Body = {"msg":"Unsuccessful transaction !","timestamp":"2022-02-01T13:52:30.446+00:00","status":"BAD_REQUEST"}
    Forwarded URL = null
   Redirected URL = null
          Cookies = []
]]></system-out>
  </testcase>
  <testcase name="getAllTxnsByUserId" classname="Milestone2.Wallet_Management_Project.controller.TransactionControllerTest" time="0.007"/>
  <testcase name="getStatusByTxnId" classname="Milestone2.Wallet_Management_Project.controller.TransactionControllerTest" time="0.011"/>
</testsuite>